Using pre-set license
Built from '2021.3/staging' branch; Version is '2021.3.10f1 (1c7d0df0160b) revision 1867021'; Using compiler version '192829333'; Build Type 'Release'
OS: 'Windows 10  (10.0.14393) 64bit Professional' Language: 'en' Physical Memory: 16295 MB
BatchMode: 1, IsHumanControllingUs: 0, StartBugReporterOnCrash: 0, Is64bit: 1, IsPro: 1

COMMAND LINE ARGUMENTS:
C:\Program Files\Unity\Hub\Editor\2021.3.10f1\Editor\Unity.exe
-adb2
-batchMode
-noUpm
-name
AssetImportWorker2
-projectPath
D:/DAIHOC/baocaogame/baocao
-logFile
Logs/AssetImportWorker2.log
-srvPort
49277
Successfully changed project path to: D:/DAIHOC/baocaogame/baocao
D:/DAIHOC/baocaogame/baocao
[UnityMemory] Configuration Parameters - Can be set up in boot.config
    "memorysetup-bucket-allocator-granularity=16"
    "memorysetup-bucket-allocator-bucket-count=8"
    "memorysetup-bucket-allocator-block-size=33554432"
    "memorysetup-bucket-allocator-block-count=8"
    "memorysetup-main-allocator-block-size=16777216"
    "memorysetup-thread-allocator-block-size=16777216"
    "memorysetup-gfx-main-allocator-block-size=16777216"
    "memorysetup-gfx-thread-allocator-block-size=16777216"
    "memorysetup-cache-allocator-block-size=4194304"
    "memorysetup-typetree-allocator-block-size=2097152"
    "memorysetup-profiler-bucket-allocator-granularity=16"
    "memorysetup-profiler-bucket-allocator-bucket-count=8"
    "memorysetup-profiler-bucket-allocator-block-size=33554432"
    "memorysetup-profiler-bucket-allocator-block-count=8"
    "memorysetup-profiler-allocator-block-size=16777216"
    "memorysetup-profiler-editor-allocator-block-size=1048576"
    "memorysetup-temp-allocator-size-main=16777216"
    "memorysetup-job-temp-allocator-block-size=2097152"
    "memorysetup-job-temp-allocator-block-size-background=1048576"
    "memorysetup-job-temp-allocator-reduction-small-platforms=262144"
    "memorysetup-temp-allocator-size-background-worker=32768"
    "memorysetup-temp-allocator-size-job-worker=262144"
    "memorysetup-temp-allocator-size-preload-manager=33554432"
    "memorysetup-temp-allocator-size-nav-mesh-worker=65536"
    "memorysetup-temp-allocator-size-audio-worker=65536"
    "memorysetup-temp-allocator-size-cloud-worker=32768"
    "memorysetup-temp-allocator-size-gi-baking-worker=262144"
    "memorysetup-temp-allocator-size-gfx=262144"
Refreshing native plugins compatible for Editor in 131.39 ms, found 4 plugins.
Preloading 0 native plugins for Editor in 0.00 ms.
Initialize engine version: 2021.3.10f1 (1c7d0df0160b)
[Subsystems] Discovering subsystems at path C:/Program Files/Unity/Hub/Editor/2021.3.10f1/Editor/Data/Resources/UnitySubsystems
[Subsystems] Discovering subsystems at path D:/DAIHOC/baocaogame/baocao/Assets
GfxDevice: creating device client; threaded=0; jobified=0
Direct3D:
    Version:  Direct3D 11.0 [level 11.1]
    Renderer: NVIDIA GeForce GTX 1060 3GB (ID=0x1c02)
    Vendor:   NVIDIA
    VRAM:     2990 MB
    Driver:   23.21.13.9135
Initialize mono
Mono path[0] = 'C:/Program Files/Unity/Hub/Editor/2021.3.10f1/Editor/Data/Managed'
Mono path[1] = 'C:/Program Files/Unity/Hub/Editor/2021.3.10f1/Editor/Data/MonoBleedingEdge/lib/mono/unityjit-win32'
Mono config path = 'C:/Program Files/Unity/Hub/Editor/2021.3.10f1/Editor/Data/MonoBleedingEdge/etc'
Using monoOptions --debugger-agent=transport=dt_socket,embedding=1,server=y,suspend=n,address=127.0.0.1:56716
Begin MonoManager ReloadAssembly
Registering precompiled unity dll's ...
Register platform support module: C:/Program Files/Unity/Hub/Editor/2021.3.10f1/Editor/Data/PlaybackEngines/WindowsStandaloneSupport/UnityEditor.WindowsStandalone.Extensions.dll
Registered in 0.006094 seconds.
Native extension for WindowsStandalone target not found
Refreshing native plugins compatible for Editor in 142.89 ms, found 4 plugins.
Preloading 0 native plugins for Editor in 0.00 ms.
Mono: successfully reloaded assembly
- Completed reload, in  1.014 seconds
Domain Reload Profiling:
	ReloadAssembly (1015ms)
		BeginReloadAssembly (123ms)
			ExecutionOrderSort (0ms)
			DisableScriptedObjects (0ms)
			BackupInstance (0ms)
			ReleaseScriptingObjects (0ms)
			CreateAndSetChildDomain (1ms)
		EndReloadAssembly (715ms)
			LoadAssemblies (120ms)
			RebuildTransferFunctionScriptingTraits (0ms)
			SetupTypeCache (173ms)
			ReleaseScriptCaches (0ms)
			RebuildScriptCaches (56ms)
			SetupLoadedEditorAssemblies (406ms)
				LogAssemblyErrors (0ms)
				InitializePlatformSupportModulesInManaged (13ms)
				SetLoadedEditorAssemblies (0ms)
				RefreshPlugins (143ms)
				BeforeProcessingInitializeOnLoad (1ms)
				ProcessInitializeOnLoadAttributes (183ms)
				ProcessInitializeOnLoadMethodAttributes (65ms)
				AfterProcessingInitializeOnLoad (0ms)
				EditorAssembliesLoaded (0ms)
			ExecutionOrderSort2 (0ms)
			AwakeInstancesAfterBackupRestoration (0ms)
Platform modules already initialized, skipping
Registering precompiled user dll's ...
Registered in 0.006446 seconds.
Begin MonoManager ReloadAssembly
Symbol file LoadedFromMemory doesn't match image D:\DAIHOC\baocaogame\baocao\Library\PackageCache\com.unity.visualscripting@1.7.8\Editor\VisualScripting.Core\Dependencies\YamlDotNet\Unity.VisualScripting.YamlDotNet.dll
Symbol file LoadedFromMemory doesn't match image D:\DAIHOC\baocaogame\baocao\Library\PackageCache\com.unity.visualscripting@1.7.8\Editor\VisualScripting.Core\Dependencies\DotNetZip\Unity.VisualScripting.IonicZip.dll
Native extension for WindowsStandalone target not found
Refreshing native plugins compatible for Editor in 140.41 ms, found 4 plugins.
Preloading 0 native plugins for Editor in 0.00 ms.
Mono: successfully reloaded assembly
- Completed reload, in  1.655 seconds
Domain Reload Profiling:
	ReloadAssembly (1656ms)
		BeginReloadAssembly (188ms)
			ExecutionOrderSort (0ms)
			DisableScriptedObjects (9ms)
			BackupInstance (0ms)
			ReleaseScriptingObjects (0ms)
			CreateAndSetChildDomain (35ms)
		EndReloadAssembly (1307ms)
			LoadAssemblies (138ms)
			RebuildTransferFunctionScriptingTraits (0ms)
			SetupTypeCache (378ms)
			ReleaseScriptCaches (1ms)
			RebuildScriptCaches (93ms)
			SetupLoadedEditorAssemblies (648ms)
				LogAssemblyErrors (0ms)
				InitializePlatformSupportModulesInManaged (6ms)
				SetLoadedEditorAssemblies (0ms)
				RefreshPlugins (140ms)
				BeforeProcessingInitializeOnLoad (134ms)
				ProcessInitializeOnLoadAttributes (299ms)
				ProcessInitializeOnLoadMethodAttributes (63ms)
				AfterProcessingInitializeOnLoad (5ms)
				EditorAssembliesLoaded (0ms)
			ExecutionOrderSort2 (0ms)
			AwakeInstancesAfterBackupRestoration (6ms)
Platform modules already initialized, skipping
========================================================================
Worker process is ready to serve import requests
Launched and connected shader compiler UnityShaderCompiler.exe after 0.06 seconds
Refreshing native plugins compatible for Editor in 1.06 ms, found 4 plugins.
Preloading 0 native plugins for Editor in 0.00 ms.
Unloading 4133 Unused Serialized files (Serialized files now loaded: 0)
Unloading 38 unused Assets / (56.5 KB). Loaded Objects now: 4591.
Memory consumption went from 154.9 MB to 154.9 MB.
Total: 7.131973 ms (FindLiveObjects: 0.726718 ms CreateObjectMapping: 0.861367 ms MarkObjects: 5.412010 ms  DeleteObjects: 0.130216 ms)

AssetImportParameters requested are different than current active one (requested -> active):
  custom:video-decoder-ogg-theora: a1e56fd34408186e4bbccfd4996cb3dc -> 
  custom:container-muxer-webm: aa71ff27fc2769a1b78a27578f13a17b -> 
  custom:container-demuxer-webm: 4f35f7cbe854078d1ac9338744f61a02 -> 
  custom:video-encoder-webm-vp8: eb34c28f22e8b96e1ab97ce403110664 -> 
  custom:video-codec-MediaFoundation-h265: 55f8c8538cf0483ab7069ead6b737db2 -> 
  custom:audio-encoder-webm-vorbis: bf7c407c2cedff20999df2af8eb42d56 -> 
  custom:framework-win-MediaFoundation: 216162199b28c13a410421893ffa2e32 -> 
  custom:container-demuxer-ogg: 62fdf1f143b41e24485cea50d1cbac27 -> 
  custom:video-decoder-webm-vp8: 9c59270c3fd7afecdb556c50c9e8de78 -> 
  custom:audio-decoder-ogg-vorbis: bf7c407c2cedff20999df2af8eb42d56 -> 
========================================================================
Received Import Request.
  Time since last request: 527929.049309 seconds.
  path: Assets/Prefabs/Flagpole.prefab
  artifactKey: Guid(7198929a04019f94b8b2008a6e338886) Importer(815301076,1909f56bfc062723c751e8b465ee728b)
Start importing Assets/Prefabs/Flagpole.prefab using Guid(7198929a04019f94b8b2008a6e338886) Importer(815301076,1909f56bfc062723c751e8b465ee728b)  -> (artifact id: 'c5d9f6d2438f11f9651caa68677625f2') in 0.162259 seconds 
========================================================================
Received Import Request.
  Time since last request: 2.016733 seconds.
  path: Assets/Prefabs/Flagpole.prefab
  artifactKey: Guid(7198929a04019f94b8b2008a6e338886) Importer(815301076,1909f56bfc062723c751e8b465ee728b)
Start importing Assets/Prefabs/Flagpole.prefab using Guid(7198929a04019f94b8b2008a6e338886) Importer(815301076,1909f56bfc062723c751e8b465ee728b)  -> (artifact id: 'a710eef6c572f5b9cee37ecf304d6037') in 0.015748 seconds 
========================================================================
Received Import Request.
  Time since last request: 2.363859 seconds.
  path: Assets/Prefabs/Flagpole.prefab
  artifactKey: Guid(7198929a04019f94b8b2008a6e338886) Importer(815301076,1909f56bfc062723c751e8b465ee728b)
Start importing Assets/Prefabs/Flagpole.prefab using Guid(7198929a04019f94b8b2008a6e338886) Importer(815301076,1909f56bfc062723c751e8b465ee728b)  -> (artifact id: '66a7d4d9427d960a1318039786d035fa') in 0.013669 seconds 
========================================================================
Received Import Request.
  Time since last request: 4.801646 seconds.
  path: Assets/Prefabs/Flagpole.prefab
  artifactKey: Guid(7198929a04019f94b8b2008a6e338886) Importer(815301076,1909f56bfc062723c751e8b465ee728b)
Start importing Assets/Prefabs/Flagpole.prefab using Guid(7198929a04019f94b8b2008a6e338886) Importer(815301076,1909f56bfc062723c751e8b465ee728b)  -> (artifact id: '1f7870ae3bfb4274ac6f3e6ebd78d72b') in 0.013508 seconds 
========================================================================
Received Import Request.
  Time since last request: 10.225539 seconds.
  path: Assets/Prefabs/Flagpole.prefab
  artifactKey: Guid(7198929a04019f94b8b2008a6e338886) Importer(815301076,1909f56bfc062723c751e8b465ee728b)
Start importing Assets/Prefabs/Flagpole.prefab using Guid(7198929a04019f94b8b2008a6e338886) Importer(815301076,1909f56bfc062723c751e8b465ee728b)  -> (artifact id: '920c315aa67ea9d9b37aac68f30d6e57') in 0.014896 seconds 
========================================================================
Received Import Request.
  Time since last request: 1.792287 seconds.
  path: Assets/Prefabs/Flagpole.prefab
  artifactKey: Guid(7198929a04019f94b8b2008a6e338886) Importer(815301076,1909f56bfc062723c751e8b465ee728b)
Start importing Assets/Prefabs/Flagpole.prefab using Guid(7198929a04019f94b8b2008a6e338886) Importer(815301076,1909f56bfc062723c751e8b465ee728b)  -> (artifact id: 'c24d45199e1ea45be887846337a8ad1c') in 0.014356 seconds 
========================================================================
Received Import Request.
  Time since last request: 3.403276 seconds.
  path: Assets/Prefabs/Flagpole.prefab
  artifactKey: Guid(7198929a04019f94b8b2008a6e338886) Importer(815301076,1909f56bfc062723c751e8b465ee728b)
Start importing Assets/Prefabs/Flagpole.prefab using Guid(7198929a04019f94b8b2008a6e338886) Importer(815301076,1909f56bfc062723c751e8b465ee728b)  -> (artifact id: '43b19b2edf3e21c3965796e108245853') in 0.014034 seconds 
========================================================================
Received Import Request.
  Time since last request: 10.487648 seconds.
  path: Assets/Prefabs/Flagpole.prefab
  artifactKey: Guid(7198929a04019f94b8b2008a6e338886) Importer(815301076,1909f56bfc062723c751e8b465ee728b)
Start importing Assets/Prefabs/Flagpole.prefab using Guid(7198929a04019f94b8b2008a6e338886) Importer(815301076,1909f56bfc062723c751e8b465ee728b)  -> (artifact id: '163f4e8883298877848da2dfe83416fa') in 0.013203 seconds 
========================================================================
Received Import Request.
  Time since last request: 4.683737 seconds.
  path: Assets/Prefabs/Flagpole.prefab
  artifactKey: Guid(7198929a04019f94b8b2008a6e338886) Importer(815301076,1909f56bfc062723c751e8b465ee728b)
Start importing Assets/Prefabs/Flagpole.prefab using Guid(7198929a04019f94b8b2008a6e338886) Importer(815301076,1909f56bfc062723c751e8b465ee728b)  -> (artifact id: '7b53089aef1f3debe1b31076552b8d67') in 0.015239 seconds 
========================================================================
Received Import Request.
  Time since last request: 2.395257 seconds.
  path: Assets/Prefabs/Flagpole.prefab
  artifactKey: Guid(7198929a04019f94b8b2008a6e338886) Importer(815301076,1909f56bfc062723c751e8b465ee728b)
Start importing Assets/Prefabs/Flagpole.prefab using Guid(7198929a04019f94b8b2008a6e338886) Importer(815301076,1909f56bfc062723c751e8b465ee728b)  -> (artifact id: '57459e0630f461c9f16bdd703a78a4b8') in 0.014045 seconds 
========================================================================
Received Import Request.
  Time since last request: 11.873423 seconds.
  path: Assets/Prefabs/Flagpole.prefab
  artifactKey: Guid(7198929a04019f94b8b2008a6e338886) Importer(815301076,1909f56bfc062723c751e8b465ee728b)
Start importing Assets/Prefabs/Flagpole.prefab using Guid(7198929a04019f94b8b2008a6e338886) Importer(815301076,1909f56bfc062723c751e8b465ee728b)  -> (artifact id: 'ffe14b610aefa37d4e991b6c6e9d4591') in 0.016087 seconds 
========================================================================
Received Import Request.
  Time since last request: 10.249558 seconds.
  path: Assets/Prefabs/Flagpole.prefab
  artifactKey: Guid(7198929a04019f94b8b2008a6e338886) Importer(815301076,1909f56bfc062723c751e8b465ee728b)
Start importing Assets/Prefabs/Flagpole.prefab using Guid(7198929a04019f94b8b2008a6e338886) Importer(815301076,1909f56bfc062723c751e8b465ee728b)  -> (artifact id: 'f202beec13e455c8c5e019ee943d7f7e') in 0.017878 seconds 
========================================================================
Received Import Request.
  Time since last request: 3.807412 seconds.
  path: Assets/Prefabs/Flagpole.prefab
  artifactKey: Guid(7198929a04019f94b8b2008a6e338886) Importer(815301076,1909f56bfc062723c751e8b465ee728b)
Start importing Assets/Prefabs/Flagpole.prefab using Guid(7198929a04019f94b8b2008a6e338886) Importer(815301076,1909f56bfc062723c751e8b465ee728b)  -> (artifact id: '0590b24ac6b6aea715421794338e14c9') in 0.015243 seconds 
========================================================================
Received Import Request.
  Time since last request: 9.188700 seconds.
  path: Assets/Prefabs/Flagpole.prefab
  artifactKey: Guid(7198929a04019f94b8b2008a6e338886) Importer(815301076,1909f56bfc062723c751e8b465ee728b)
Start importing Assets/Prefabs/Flagpole.prefab using Guid(7198929a04019f94b8b2008a6e338886) Importer(815301076,1909f56bfc062723c751e8b465ee728b)  -> (artifact id: '228173caa3c18be1f7967cc19aed55a8') in 0.014228 seconds 
========================================================================
Received Import Request.
  Time since last request: 1.587185 seconds.
  path: Assets/Prefabs/Flagpole.prefab
  artifactKey: Guid(7198929a04019f94b8b2008a6e338886) Importer(815301076,1909f56bfc062723c751e8b465ee728b)
Start importing Assets/Prefabs/Flagpole.prefab using Guid(7198929a04019f94b8b2008a6e338886) Importer(815301076,1909f56bfc062723c751e8b465ee728b)  -> (artifact id: '2832cb158b035b452fff3c3361d6f3f2') in 0.014162 seconds 
========================================================================
Received Import Request.
  Time since last request: 1.990859 seconds.
  path: Assets/Prefabs/Flagpole.prefab
  artifactKey: Guid(7198929a04019f94b8b2008a6e338886) Importer(815301076,1909f56bfc062723c751e8b465ee728b)
Start importing Assets/Prefabs/Flagpole.prefab using Guid(7198929a04019f94b8b2008a6e338886) Importer(815301076,1909f56bfc062723c751e8b465ee728b)  -> (artifact id: 'bcae86ef77c362bd1777ec120c4b97f1') in 0.015586 seconds 
========================================================================
Received Import Request.
  Time since last request: 3.866667 seconds.
  path: Assets/Prefabs/Flagpole.prefab
  artifactKey: Guid(7198929a04019f94b8b2008a6e338886) Importer(815301076,1909f56bfc062723c751e8b465ee728b)
Start importing Assets/Prefabs/Flagpole.prefab using Guid(7198929a04019f94b8b2008a6e338886) Importer(815301076,1909f56bfc062723c751e8b465ee728b)  -> (artifact id: '21f53567a194178984273cf82f90b65e') in 0.014135 seconds 
========================================================================
Received Import Request.
  Time since last request: 2.603267 seconds.
  path: Assets/Prefabs/Flagpole.prefab
  artifactKey: Guid(7198929a04019f94b8b2008a6e338886) Importer(815301076,1909f56bfc062723c751e8b465ee728b)
Start importing Assets/Prefabs/Flagpole.prefab using Guid(7198929a04019f94b8b2008a6e338886) Importer(815301076,1909f56bfc062723c751e8b465ee728b)  -> (artifact id: '1f91a7b17e9c5e490eb7d8d4a89bff27') in 0.015147 seconds 
========================================================================
Received Import Request.
  Time since last request: 17.825527 seconds.
  path: Assets/Prefabs/Flagpole.prefab
  artifactKey: Guid(7198929a04019f94b8b2008a6e338886) Importer(815301076,1909f56bfc062723c751e8b465ee728b)
Start importing Assets/Prefabs/Flagpole.prefab using Guid(7198929a04019f94b8b2008a6e338886) Importer(815301076,1909f56bfc062723c751e8b465ee728b)  -> (artifact id: '2191be07666408060fd769af44f61fae') in 0.014941 seconds 
========================================================================
Received Import Request.
  Time since last request: 1.267486 seconds.
  path: Assets/Prefabs/Flagpole.prefab
  artifactKey: Guid(7198929a04019f94b8b2008a6e338886) Importer(815301076,1909f56bfc062723c751e8b465ee728b)
Start importing Assets/Prefabs/Flagpole.prefab using Guid(7198929a04019f94b8b2008a6e338886) Importer(815301076,1909f56bfc062723c751e8b465ee728b)  -> (artifact id: 'a3bfff11782710f16f5c8fe819c3b52e') in 0.016872 seconds 
========================================================================
Received Import Request.
  Time since last request: 14487.594672 seconds.
  path: Assets/Prefabs/Flagpole.prefab
  artifactKey: Guid(7198929a04019f94b8b2008a6e338886) Importer(815301076,1909f56bfc062723c751e8b465ee728b)
Start importing Assets/Prefabs/Flagpole.prefab using Guid(7198929a04019f94b8b2008a6e338886) Importer(815301076,1909f56bfc062723c751e8b465ee728b)  -> (artifact id: '3241836d5e431a58cb9b049b606b18d3') in 0.049278 seconds 
========================================================================
Received Prepare
Registering precompiled user dll's ...
Registered in 0.005569 seconds.
Begin MonoManager ReloadAssembly
Symbol file LoadedFromMemory doesn't match image D:\DAIHOC\baocaogame\baocao\Library\PackageCache\com.unity.visualscripting@1.7.8\Editor\VisualScripting.Core\Dependencies\YamlDotNet\Unity.VisualScripting.YamlDotNet.dll
Symbol file LoadedFromMemory doesn't match image D:\DAIHOC\baocaogame\baocao\Library\PackageCache\com.unity.visualscripting@1.7.8\Editor\VisualScripting.Core\Dependencies\DotNetZip\Unity.VisualScripting.IonicZip.dll
Native extension for WindowsStandalone target not found
Refreshing native plugins compatible for Editor in 1.45 ms, found 4 plugins.
Preloading 0 native plugins for Editor in 0.00 ms.
Mono: successfully reloaded assembly
- Completed reload, in  1.553 seconds
Domain Reload Profiling:
	ReloadAssembly (1554ms)
		BeginReloadAssembly (269ms)
			ExecutionOrderSort (0ms)
			DisableScriptedObjects (16ms)
			BackupInstance (0ms)
			ReleaseScriptingObjects (0ms)
			CreateAndSetChildDomain (114ms)
		EndReloadAssembly (1134ms)
			LoadAssemblies (130ms)
			RebuildTransferFunctionScriptingTraits (0ms)
			SetupTypeCache (411ms)
			ReleaseScriptCaches (2ms)
			RebuildScriptCaches (73ms)
			SetupLoadedEditorAssemblies (468ms)
				LogAssemblyErrors (0ms)
				InitializePlatformSupportModulesInManaged (17ms)
				SetLoadedEditorAssemblies (1ms)
				RefreshPlugins (2ms)
				BeforeProcessingInitializeOnLoad (91ms)
				ProcessInitializeOnLoadAttributes (287ms)
				ProcessInitializeOnLoadMethodAttributes (63ms)
				AfterProcessingInitializeOnLoad (7ms)
				EditorAssembliesLoaded (0ms)
			ExecutionOrderSort2 (0ms)
			AwakeInstancesAfterBackupRestoration (13ms)
Platform modules already initialized, skipping
Refreshing native plugins compatible for Editor in 2.17 ms, found 4 plugins.
Preloading 0 native plugins for Editor in 0.00 ms.
Unloading 4110 Unused Serialized files (Serialized files now loaded: 0)
Unloading 25 unused Assets / (24.6 KB). Loaded Objects now: 4603.
Memory consumption went from 157.4 MB to 157.3 MB.
Total: 3.569865 ms (FindLiveObjects: 0.350753 ms CreateObjectMapping: 0.314181 ms MarkObjects: 2.864758 ms  DeleteObjects: 0.037957 ms)

AssetImportParameters requested are different than current active one (requested -> active):
  custom:video-decoder-ogg-theora: a1e56fd34408186e4bbccfd4996cb3dc -> 
  custom:container-muxer-webm: aa71ff27fc2769a1b78a27578f13a17b -> 
  custom:container-demuxer-webm: 4f35f7cbe854078d1ac9338744f61a02 -> 
  custom:video-encoder-webm-vp8: eb34c28f22e8b96e1ab97ce403110664 -> 
  custom:video-codec-MediaFoundation-h265: 55f8c8538cf0483ab7069ead6b737db2 -> 
  custom:audio-encoder-webm-vorbis: bf7c407c2cedff20999df2af8eb42d56 -> 
  custom:framework-win-MediaFoundation: 216162199b28c13a410421893ffa2e32 -> 
  custom:container-demuxer-ogg: 62fdf1f143b41e24485cea50d1cbac27 -> 
  custom:video-decoder-webm-vp8: 9c59270c3fd7afecdb556c50c9e8de78 -> 
  custom:audio-decoder-ogg-vorbis: bf7c407c2cedff20999df2af8eb42d56 -> 
========================================================================
Received Prepare
Registering precompiled user dll's ...
Registered in 0.004846 seconds.
Begin MonoManager ReloadAssembly
Symbol file LoadedFromMemory doesn't match image D:\DAIHOC\baocaogame\baocao\Library\PackageCache\com.unity.visualscripting@1.7.8\Editor\VisualScripting.Core\Dependencies\YamlDotNet\Unity.VisualScripting.YamlDotNet.dll
Symbol file LoadedFromMemory doesn't match image D:\DAIHOC\baocaogame\baocao\Library\PackageCache\com.unity.visualscripting@1.7.8\Editor\VisualScripting.Core\Dependencies\DotNetZip\Unity.VisualScripting.IonicZip.dll
Native extension for WindowsStandalone target not found
Refreshing native plugins compatible for Editor in 1.54 ms, found 4 plugins.
Preloading 0 native plugins for Editor in 0.00 ms.
Mono: successfully reloaded assembly
- Completed reload, in  1.356 seconds
Domain Reload Profiling:
	ReloadAssembly (1357ms)
		BeginReloadAssembly (190ms)
			ExecutionOrderSort (0ms)
			DisableScriptedObjects (7ms)
			BackupInstance (0ms)
			ReleaseScriptingObjects (0ms)
			CreateAndSetChildDomain (60ms)
		EndReloadAssembly (1027ms)
			LoadAssemblies (126ms)
			RebuildTransferFunctionScriptingTraits (0ms)
			SetupTypeCache (350ms)
			ReleaseScriptCaches (2ms)
			RebuildScriptCaches (68ms)
			SetupLoadedEditorAssemblies (436ms)
				LogAssemblyErrors (0ms)
				InitializePlatformSupportModulesInManaged (14ms)
				SetLoadedEditorAssemblies (1ms)
				RefreshPlugins (2ms)
				BeforeProcessingInitializeOnLoad (92ms)
				ProcessInitializeOnLoadAttributes (265ms)
				ProcessInitializeOnLoadMethodAttributes (56ms)
				AfterProcessingInitializeOnLoad (6ms)
				EditorAssembliesLoaded (0ms)
			ExecutionOrderSort2 (0ms)
			AwakeInstancesAfterBackupRestoration (11ms)
Platform modules already initialized, skipping
Refreshing native plugins compatible for Editor in 3.38 ms, found 4 plugins.
Preloading 0 native plugins for Editor in 0.00 ms.
Unloading 4110 Unused Serialized files (Serialized files now loaded: 0)
Unloading 25 unused Assets / (24.7 KB). Loaded Objects now: 4606.
Memory consumption went from 157.4 MB to 157.3 MB.
Total: 3.691216 ms (FindLiveObjects: 0.407549 ms CreateObjectMapping: 0.307255 ms MarkObjects: 2.929866 ms  DeleteObjects: 0.044883 ms)

AssetImportParameters requested are different than current active one (requested -> active):
  custom:video-decoder-ogg-theora: a1e56fd34408186e4bbccfd4996cb3dc -> 
  custom:container-muxer-webm: aa71ff27fc2769a1b78a27578f13a17b -> 
  custom:container-demuxer-webm: 4f35f7cbe854078d1ac9338744f61a02 -> 
  custom:video-encoder-webm-vp8: eb34c28f22e8b96e1ab97ce403110664 -> 
  custom:video-codec-MediaFoundation-h265: 55f8c8538cf0483ab7069ead6b737db2 -> 
  custom:audio-encoder-webm-vorbis: bf7c407c2cedff20999df2af8eb42d56 -> 
  custom:framework-win-MediaFoundation: 216162199b28c13a410421893ffa2e32 -> 
  custom:container-demuxer-ogg: 62fdf1f143b41e24485cea50d1cbac27 -> 
  custom:video-decoder-webm-vp8: 9c59270c3fd7afecdb556c50c9e8de78 -> 
  custom:audio-decoder-ogg-vorbis: bf7c407c2cedff20999df2af8eb42d56 -> 
========================================================================
Received Import Request.
  Time since last request: 1896.907932 seconds.
  path: Assets/Prefabs/Flagpole.prefab
  artifactKey: Guid(7198929a04019f94b8b2008a6e338886) Importer(815301076,1909f56bfc062723c751e8b465ee728b)
Start importing Assets/Prefabs/Flagpole.prefab using Guid(7198929a04019f94b8b2008a6e338886) Importer(815301076,1909f56bfc062723c751e8b465ee728b)  -> (artifact id: 'ebaf0fd916da0ea6d458f37ff17ad277') in 0.096780 seconds 
========================================================================
Received Prepare
Registering precompiled user dll's ...
Registered in 0.005057 seconds.
Begin MonoManager ReloadAssembly
Symbol file LoadedFromMemory doesn't match image D:\DAIHOC\baocaogame\baocao\Library\PackageCache\com.unity.visualscripting@1.7.8\Editor\VisualScripting.Core\Dependencies\YamlDotNet\Unity.VisualScripting.YamlDotNet.dll
Symbol file LoadedFromMemory doesn't match image D:\DAIHOC\baocaogame\baocao\Library\PackageCache\com.unity.visualscripting@1.7.8\Editor\VisualScripting.Core\Dependencies\DotNetZip\Unity.VisualScripting.IonicZip.dll
Native extension for WindowsStandalone target not found
Refreshing native plugins compatible for Editor in 1.56 ms, found 4 plugins.
Preloading 0 native plugins for Editor in 0.00 ms.
Mono: successfully reloaded assembly
- Completed reload, in  1.568 seconds
Domain Reload Profiling:
	ReloadAssembly (1568ms)
		BeginReloadAssembly (184ms)
			ExecutionOrderSort (0ms)
			DisableScriptedObjects (10ms)
			BackupInstance (0ms)
			ReleaseScriptingObjects (0ms)
			CreateAndSetChildDomain (61ms)
		EndReloadAssembly (1242ms)
			LoadAssemblies (121ms)
			RebuildTransferFunctionScriptingTraits (0ms)
			SetupTypeCache (402ms)
			ReleaseScriptCaches (2ms)
			RebuildScriptCaches (83ms)
			SetupLoadedEditorAssemblies (550ms)
				LogAssemblyErrors (0ms)
				InitializePlatformSupportModulesInManaged (20ms)
				SetLoadedEditorAssemblies (1ms)
				RefreshPlugins (2ms)
				BeforeProcessingInitializeOnLoad (110ms)
				ProcessInitializeOnLoadAttributes (343ms)
				ProcessInitializeOnLoadMethodAttributes (67ms)
				AfterProcessingInitializeOnLoad (8ms)
				EditorAssembliesLoaded (0ms)
			ExecutionOrderSort2 (0ms)
			AwakeInstancesAfterBackupRestoration (15ms)
Platform modules already initialized, skipping
Refreshing native plugins compatible for Editor in 3.89 ms, found 4 plugins.
Preloading 0 native plugins for Editor in 0.00 ms.
Unloading 4110 Unused Serialized files (Serialized files now loaded: 0)
Unloading 25 unused Assets / (24.7 KB). Loaded Objects now: 4609.
Memory consumption went from 157.4 MB to 157.4 MB.
Total: 5.588771 ms (FindLiveObjects: 0.391203 ms CreateObjectMapping: 0.399792 ms MarkObjects: 4.763976 ms  DeleteObjects: 0.032970 ms)

AssetImportParameters requested are different than current active one (requested -> active):
  custom:video-decoder-ogg-theora: a1e56fd34408186e4bbccfd4996cb3dc -> 
  custom:container-muxer-webm: aa71ff27fc2769a1b78a27578f13a17b -> 
  custom:container-demuxer-webm: 4f35f7cbe854078d1ac9338744f61a02 -> 
  custom:video-encoder-webm-vp8: eb34c28f22e8b96e1ab97ce403110664 -> 
  custom:video-codec-MediaFoundation-h265: 55f8c8538cf0483ab7069ead6b737db2 -> 
  custom:audio-encoder-webm-vorbis: bf7c407c2cedff20999df2af8eb42d56 -> 
  custom:framework-win-MediaFoundation: 216162199b28c13a410421893ffa2e32 -> 
  custom:container-demuxer-ogg: 62fdf1f143b41e24485cea50d1cbac27 -> 
  custom:video-decoder-webm-vp8: 9c59270c3fd7afecdb556c50c9e8de78 -> 
  custom:audio-decoder-ogg-vorbis: bf7c407c2cedff20999df2af8eb42d56 -> 
========================================================================
Received Import Request.
  Time since last request: 385.619629 seconds.
  path: Assets/Prefabs/Goomba.prefab
  artifactKey: Guid(299f06b4b891dd14aa6d714524a74e0d) Importer(815301076,1909f56bfc062723c751e8b465ee728b)
Start importing Assets/Prefabs/Goomba.prefab using Guid(299f06b4b891dd14aa6d714524a74e0d) Importer(815301076,1909f56bfc062723c751e8b465ee728b)  -> (artifact id: '33bb3494600a9bf881f2b622a8cf8a3b') in 0.098785 seconds 
========================================================================
Received Import Request.
  Time since last request: 773.795788 seconds.
  path: Assets/Prefabs/ItemBlock.prefab
  artifactKey: Guid(108e6e65e70d51340b79ed52da2d5883) Importer(815301076,1909f56bfc062723c751e8b465ee728b)
Start importing Assets/Prefabs/ItemBlock.prefab using Guid(108e6e65e70d51340b79ed52da2d5883) Importer(815301076,1909f56bfc062723c751e8b465ee728b)  -> (artifact id: 'aa52ba6c3ed881c8c8c65275a2eaa437') in 0.104101 seconds 
