Using pre-set license
Built from '2021.3/staging' branch; Version is '2021.3.10f1 (1c7d0df0160b) revision 1867021'; Using compiler version '192829333'; Build Type 'Release'
OS: 'Windows 10  (10.0.14393) 64bit Professional' Language: 'en' Physical Memory: 16295 MB
BatchMode: 1, IsHumanControllingUs: 0, StartBugReporterOnCrash: 0, Is64bit: 1, IsPro: 1

COMMAND LINE ARGUMENTS:
C:\Program Files\Unity\Hub\Editor\2021.3.10f1\Editor\Unity.exe
-adb2
-batchMode
-noUpm
-name
AssetImportWorker0
-projectPath
D:/DAIHOC/baocaogame/baocao
-logFile
Logs/AssetImportWorker0.log
-srvPort
53332
Successfully changed project path to: D:/DAIHOC/baocaogame/baocao
D:/DAIHOC/baocaogame/baocao
[UnityMemory] Configuration Parameters - Can be set up in boot.config
    "memorysetup-bucket-allocator-granularity=16"
    "memorysetup-bucket-allocator-bucket-count=8"
    "memorysetup-bucket-allocator-block-size=33554432"
    "memorysetup-bucket-allocator-block-count=8"
    "memorysetup-main-allocator-block-size=16777216"
    "memorysetup-thread-allocator-block-size=16777216"
    "memorysetup-gfx-main-allocator-block-size=16777216"
    "memorysetup-gfx-thread-allocator-block-size=16777216"
    "memorysetup-cache-allocator-block-size=4194304"
    "memorysetup-typetree-allocator-block-size=2097152"
    "memorysetup-profiler-bucket-allocator-granularity=16"
    "memorysetup-profiler-bucket-allocator-bucket-count=8"
    "memorysetup-profiler-bucket-allocator-block-size=33554432"
    "memorysetup-profiler-bucket-allocator-block-count=8"
    "memorysetup-profiler-allocator-block-size=16777216"
    "memorysetup-profiler-editor-allocator-block-size=1048576"
    "memorysetup-temp-allocator-size-main=16777216"
    "memorysetup-job-temp-allocator-block-size=2097152"
    "memorysetup-job-temp-allocator-block-size-background=1048576"
    "memorysetup-job-temp-allocator-reduction-small-platforms=262144"
    "memorysetup-temp-allocator-size-background-worker=32768"
    "memorysetup-temp-allocator-size-job-worker=262144"
    "memorysetup-temp-allocator-size-preload-manager=33554432"
    "memorysetup-temp-allocator-size-nav-mesh-worker=65536"
    "memorysetup-temp-allocator-size-audio-worker=65536"
    "memorysetup-temp-allocator-size-cloud-worker=32768"
    "memorysetup-temp-allocator-size-gi-baking-worker=262144"
    "memorysetup-temp-allocator-size-gfx=262144"
Refreshing native plugins compatible for Editor in 135.34 ms, found 4 plugins.
Preloading 0 native plugins for Editor in 0.00 ms.
Initialize engine version: 2021.3.10f1 (1c7d0df0160b)
[Subsystems] Discovering subsystems at path C:/Program Files/Unity/Hub/Editor/2021.3.10f1/Editor/Data/Resources/UnitySubsystems
[Subsystems] Discovering subsystems at path D:/DAIHOC/baocaogame/baocao/Assets
GfxDevice: creating device client; threaded=0; jobified=0
Direct3D:
    Version:  Direct3D 11.0 [level 11.1]
    Renderer: NVIDIA GeForce GTX 1060 3GB (ID=0x1c02)
    Vendor:   NVIDIA
    VRAM:     2990 MB
    Driver:   23.21.13.9135
Initialize mono
Mono path[0] = 'C:/Program Files/Unity/Hub/Editor/2021.3.10f1/Editor/Data/Managed'
Mono path[1] = 'C:/Program Files/Unity/Hub/Editor/2021.3.10f1/Editor/Data/MonoBleedingEdge/lib/mono/unityjit-win32'
Mono config path = 'C:/Program Files/Unity/Hub/Editor/2021.3.10f1/Editor/Data/MonoBleedingEdge/etc'
Using monoOptions --debugger-agent=transport=dt_socket,embedding=1,server=y,suspend=n,address=127.0.0.1:56076
Begin MonoManager ReloadAssembly
Registering precompiled unity dll's ...
Register platform support module: C:/Program Files/Unity/Hub/Editor/2021.3.10f1/Editor/Data/PlaybackEngines/WindowsStandaloneSupport/UnityEditor.WindowsStandalone.Extensions.dll
Registered in 0.005199 seconds.
Native extension for WindowsStandalone target not found
Refreshing native plugins compatible for Editor in 144.24 ms, found 4 plugins.
Preloading 0 native plugins for Editor in 0.00 ms.
Mono: successfully reloaded assembly
- Completed reload, in  0.966 seconds
Domain Reload Profiling:
	ReloadAssembly (967ms)
		BeginReloadAssembly (117ms)
			ExecutionOrderSort (0ms)
			DisableScriptedObjects (0ms)
			BackupInstance (0ms)
			ReleaseScriptingObjects (0ms)
			CreateAndSetChildDomain (1ms)
		EndReloadAssembly (700ms)
			LoadAssemblies (114ms)
			RebuildTransferFunctionScriptingTraits (0ms)
			SetupTypeCache (170ms)
			ReleaseScriptCaches (0ms)
			RebuildScriptCaches (46ms)
			SetupLoadedEditorAssemblies (411ms)
				LogAssemblyErrors (0ms)
				InitializePlatformSupportModulesInManaged (10ms)
				SetLoadedEditorAssemblies (0ms)
				RefreshPlugins (144ms)
				BeforeProcessingInitializeOnLoad (2ms)
				ProcessInitializeOnLoadAttributes (186ms)
				ProcessInitializeOnLoadMethodAttributes (69ms)
				AfterProcessingInitializeOnLoad (0ms)
				EditorAssembliesLoaded (0ms)
			ExecutionOrderSort2 (0ms)
			AwakeInstancesAfterBackupRestoration (0ms)
Platform modules already initialized, skipping
Registering precompiled user dll's ...
Registered in 0.004843 seconds.
Begin MonoManager ReloadAssembly
Symbol file LoadedFromMemory doesn't match image D:\DAIHOC\baocaogame\baocao\Library\PackageCache\com.unity.visualscripting@1.7.8\Editor\VisualScripting.Core\Dependencies\YamlDotNet\Unity.VisualScripting.YamlDotNet.dll
Symbol file LoadedFromMemory doesn't match image D:\DAIHOC\baocaogame\baocao\Library\PackageCache\com.unity.visualscripting@1.7.8\Editor\VisualScripting.Core\Dependencies\DotNetZip\Unity.VisualScripting.IonicZip.dll
Native extension for WindowsStandalone target not found
Refreshing native plugins compatible for Editor in 150.56 ms, found 4 plugins.
Preloading 0 native plugins for Editor in 0.00 ms.
Mono: successfully reloaded assembly
- Completed reload, in  1.665 seconds
Domain Reload Profiling:
	ReloadAssembly (1667ms)
		BeginReloadAssembly (182ms)
			ExecutionOrderSort (0ms)
			DisableScriptedObjects (9ms)
			BackupInstance (0ms)
			ReleaseScriptingObjects (0ms)
			CreateAndSetChildDomain (37ms)
		EndReloadAssembly (1331ms)
			LoadAssemblies (130ms)
			RebuildTransferFunctionScriptingTraits (0ms)
			SetupTypeCache (375ms)
			ReleaseScriptCaches (1ms)
			RebuildScriptCaches (91ms)
			SetupLoadedEditorAssemblies (704ms)
				LogAssemblyErrors (0ms)
				InitializePlatformSupportModulesInManaged (6ms)
				SetLoadedEditorAssemblies (0ms)
				RefreshPlugins (151ms)
				BeforeProcessingInitializeOnLoad (142ms)
				ProcessInitializeOnLoadAttributes (337ms)
				ProcessInitializeOnLoadMethodAttributes (63ms)
				AfterProcessingInitializeOnLoad (5ms)
				EditorAssembliesLoaded (0ms)
			ExecutionOrderSort2 (0ms)
			AwakeInstancesAfterBackupRestoration (7ms)
Platform modules already initialized, skipping
========================================================================
Worker process is ready to serve import requests
Launched and connected shader compiler UnityShaderCompiler.exe after 0.04 seconds
Refreshing native plugins compatible for Editor in 2.27 ms, found 4 plugins.
Preloading 0 native plugins for Editor in 0.00 ms.
Unloading 4119 Unused Serialized files (Serialized files now loaded: 0)
Unloading 42 unused Assets / (162.5 KB). Loaded Objects now: 4585.
Memory consumption went from 160.5 MB to 160.4 MB.
Total: 6.901201 ms (FindLiveObjects: 0.736693 ms CreateObjectMapping: 0.502858 ms MarkObjects: 5.384593 ms  DeleteObjects: 0.275671 ms)

AssetImportParameters requested are different than current active one (requested -> active):
  custom:video-decoder-ogg-theora: a1e56fd34408186e4bbccfd4996cb3dc -> 
  custom:container-muxer-webm: aa71ff27fc2769a1b78a27578f13a17b -> 
  custom:container-demuxer-webm: 4f35f7cbe854078d1ac9338744f61a02 -> 
  custom:video-encoder-webm-vp8: eb34c28f22e8b96e1ab97ce403110664 -> 
  custom:video-codec-MediaFoundation-h265: 55f8c8538cf0483ab7069ead6b737db2 -> 
  custom:audio-encoder-webm-vorbis: bf7c407c2cedff20999df2af8eb42d56 -> 
  custom:framework-win-MediaFoundation: 216162199b28c13a410421893ffa2e32 -> 
  custom:container-demuxer-ogg: 62fdf1f143b41e24485cea50d1cbac27 -> 
  custom:video-decoder-webm-vp8: 9c59270c3fd7afecdb556c50c9e8de78 -> 
  custom:audio-decoder-ogg-vorbis: bf7c407c2cedff20999df2af8eb42d56 -> 
========================================================================
Received Import Request.
  Time since last request: 772039.420188 seconds.
  path: Assets/Prefabs/194-1947476_mario-blocks-hd-png-download_31.prefab
  artifactKey: Guid(97d1ebcfaae5fff4d919ecd3f10f5751) Importer(815301076,1909f56bfc062723c751e8b465ee728b)
Start importing Assets/Prefabs/194-1947476_mario-blocks-hd-png-download_31.prefab using Guid(97d1ebcfaae5fff4d919ecd3f10f5751) Importer(815301076,1909f56bfc062723c751e8b465ee728b)  -> (artifact id: '346135caeb4f265a5addd53053f5be49') in 0.151084 seconds 
========================================================================
Received Import Request.
  Time since last request: 6.401504 seconds.
  path: Assets/Prefabs/194-1947476_mario-blocks-hd-png-download_31.prefab
  artifactKey: Guid(97d1ebcfaae5fff4d919ecd3f10f5751) Importer(815301076,1909f56bfc062723c751e8b465ee728b)
Start importing Assets/Prefabs/194-1947476_mario-blocks-hd-png-download_31.prefab using Guid(97d1ebcfaae5fff4d919ecd3f10f5751) Importer(815301076,1909f56bfc062723c751e8b465ee728b)  -> (artifact id: 'f59ec850233e55cec1a54a3d089fc7a2') in 0.020993 seconds 
========================================================================
Received Import Request.
  Time since last request: 6.282204 seconds.
  path: Assets/Prefabs/194-1947476_mario-blocks-hd-png-download_31.prefab
  artifactKey: Guid(97d1ebcfaae5fff4d919ecd3f10f5751) Importer(815301076,1909f56bfc062723c751e8b465ee728b)
Start importing Assets/Prefabs/194-1947476_mario-blocks-hd-png-download_31.prefab using Guid(97d1ebcfaae5fff4d919ecd3f10f5751) Importer(815301076,1909f56bfc062723c751e8b465ee728b)  -> (artifact id: '4f5ac0b2e22ac38781d80b8116d08e9f') in 0.018668 seconds 
========================================================================
Received Import Request.
  Time since last request: 6.704793 seconds.
  path: Assets/Prefabs/194-1947476_mario-blocks-hd-png-download_31.prefab
  artifactKey: Guid(97d1ebcfaae5fff4d919ecd3f10f5751) Importer(815301076,1909f56bfc062723c751e8b465ee728b)
Start importing Assets/Prefabs/194-1947476_mario-blocks-hd-png-download_31.prefab using Guid(97d1ebcfaae5fff4d919ecd3f10f5751) Importer(815301076,1909f56bfc062723c751e8b465ee728b)  -> (artifact id: '17404491b36118f70771dd99f48810c5') in 0.021445 seconds 
========================================================================
Received Import Request.
  Time since last request: 5.479213 seconds.
  path: Assets/Prefabs/194-1947476_mario-blocks-hd-png-download_31.prefab
  artifactKey: Guid(97d1ebcfaae5fff4d919ecd3f10f5751) Importer(815301076,1909f56bfc062723c751e8b465ee728b)
Start importing Assets/Prefabs/194-1947476_mario-blocks-hd-png-download_31.prefab using Guid(97d1ebcfaae5fff4d919ecd3f10f5751) Importer(815301076,1909f56bfc062723c751e8b465ee728b)  -> (artifact id: 'bec428ac103da5d29f58aa9ebbd82e78') in 0.020868 seconds 
========================================================================
Received Import Request.
  Time since last request: 10.537401 seconds.
  path: Assets/Prefabs/194-1947476_mario-blocks-hd-png-download_31.prefab
  artifactKey: Guid(97d1ebcfaae5fff4d919ecd3f10f5751) Importer(815301076,1909f56bfc062723c751e8b465ee728b)
Start importing Assets/Prefabs/194-1947476_mario-blocks-hd-png-download_31.prefab using Guid(97d1ebcfaae5fff4d919ecd3f10f5751) Importer(815301076,1909f56bfc062723c751e8b465ee728b)  -> (artifact id: 'dcb430c0e0f70f77ed95c8986df1af48') in 0.021206 seconds 
========================================================================
Received Import Request.
  Time since last request: 5.587797 seconds.
  path: Assets/Prefabs/194-1947476_mario-blocks-hd-png-download_31.prefab
  artifactKey: Guid(97d1ebcfaae5fff4d919ecd3f10f5751) Importer(815301076,1909f56bfc062723c751e8b465ee728b)
Start importing Assets/Prefabs/194-1947476_mario-blocks-hd-png-download_31.prefab using Guid(97d1ebcfaae5fff4d919ecd3f10f5751) Importer(815301076,1909f56bfc062723c751e8b465ee728b)  -> (artifact id: '27282716f34954805f02f7ea8a1d0274') in 0.021891 seconds 
========================================================================
Received Import Request.
  Time since last request: 3.192247 seconds.
  path: Assets/Prefabs/194-1947476_mario-blocks-hd-png-download_31.prefab
  artifactKey: Guid(97d1ebcfaae5fff4d919ecd3f10f5751) Importer(815301076,1909f56bfc062723c751e8b465ee728b)
Start importing Assets/Prefabs/194-1947476_mario-blocks-hd-png-download_31.prefab using Guid(97d1ebcfaae5fff4d919ecd3f10f5751) Importer(815301076,1909f56bfc062723c751e8b465ee728b)  -> (artifact id: '09460abd12fb865e6086a3ea3902dd6a') in 0.026680 seconds 
========================================================================
Received Import Request.
  Time since last request: 3.572327 seconds.
  path: Assets/Prefabs/194-1947476_mario-blocks-hd-png-download_31.prefab
  artifactKey: Guid(97d1ebcfaae5fff4d919ecd3f10f5751) Importer(815301076,1909f56bfc062723c751e8b465ee728b)
Start importing Assets/Prefabs/194-1947476_mario-blocks-hd-png-download_31.prefab using Guid(97d1ebcfaae5fff4d919ecd3f10f5751) Importer(815301076,1909f56bfc062723c751e8b465ee728b)  -> (artifact id: '696250fc25512dd8302f79d194e28ced') in 0.021694 seconds 
========================================================================
Received Import Request.
  Time since last request: 2.989258 seconds.
  path: Assets/Prefabs/194-1947476_mario-blocks-hd-png-download_31.prefab
  artifactKey: Guid(97d1ebcfaae5fff4d919ecd3f10f5751) Importer(815301076,1909f56bfc062723c751e8b465ee728b)
Start importing Assets/Prefabs/194-1947476_mario-blocks-hd-png-download_31.prefab using Guid(97d1ebcfaae5fff4d919ecd3f10f5751) Importer(815301076,1909f56bfc062723c751e8b465ee728b)  -> (artifact id: 'd8482513ce1b4166925954355b35e885') in 0.019480 seconds 
========================================================================
Received Import Request.
  Time since last request: 3.601968 seconds.
  path: Assets/Prefabs/194-1947476_mario-blocks-hd-png-download_31.prefab
  artifactKey: Guid(97d1ebcfaae5fff4d919ecd3f10f5751) Importer(815301076,1909f56bfc062723c751e8b465ee728b)
Start importing Assets/Prefabs/194-1947476_mario-blocks-hd-png-download_31.prefab using Guid(97d1ebcfaae5fff4d919ecd3f10f5751) Importer(815301076,1909f56bfc062723c751e8b465ee728b)  -> (artifact id: '0aeb27bcf577d07c2d9d1252991751fb') in 0.021801 seconds 
========================================================================
Received Import Request.
  Time since last request: 3.467685 seconds.
  path: Assets/Prefabs/194-1947476_mario-blocks-hd-png-download_31.prefab
  artifactKey: Guid(97d1ebcfaae5fff4d919ecd3f10f5751) Importer(815301076,1909f56bfc062723c751e8b465ee728b)
Start importing Assets/Prefabs/194-1947476_mario-blocks-hd-png-download_31.prefab using Guid(97d1ebcfaae5fff4d919ecd3f10f5751) Importer(815301076,1909f56bfc062723c751e8b465ee728b)  -> (artifact id: '3c249f92d517bd2f5896b7e5735b5eea') in 0.018280 seconds 
========================================================================
Received Import Request.
  Time since last request: 210.295709 seconds.
  path: Assets/Prefabs/194-1947476_mario-blocks-hd-png-download_31.prefab
  artifactKey: Guid(97d1ebcfaae5fff4d919ecd3f10f5751) Importer(815301076,1909f56bfc062723c751e8b465ee728b)
Start importing Assets/Prefabs/194-1947476_mario-blocks-hd-png-download_31.prefab using Guid(97d1ebcfaae5fff4d919ecd3f10f5751) Importer(815301076,1909f56bfc062723c751e8b465ee728b)  -> (artifact id: '89317dae32b638f2a3707042395b2548') in 0.023792 seconds 
========================================================================
Received Import Request.
  Time since last request: 2.979890 seconds.
  path: Assets/Prefabs/194-1947476_mario-blocks-hd-png-download_31.prefab
  artifactKey: Guid(97d1ebcfaae5fff4d919ecd3f10f5751) Importer(815301076,1909f56bfc062723c751e8b465ee728b)
Start importing Assets/Prefabs/194-1947476_mario-blocks-hd-png-download_31.prefab using Guid(97d1ebcfaae5fff4d919ecd3f10f5751) Importer(815301076,1909f56bfc062723c751e8b465ee728b)  -> (artifact id: '3fa9e0543c0335708f2d22a1a856df85') in 0.019533 seconds 
========================================================================
Received Import Request.
  Time since last request: 5.270216 seconds.
  path: Assets/Prefabs/194-1947476_mario-blocks-hd-png-download_31.prefab
  artifactKey: Guid(97d1ebcfaae5fff4d919ecd3f10f5751) Importer(815301076,1909f56bfc062723c751e8b465ee728b)
Start importing Assets/Prefabs/194-1947476_mario-blocks-hd-png-download_31.prefab using Guid(97d1ebcfaae5fff4d919ecd3f10f5751) Importer(815301076,1909f56bfc062723c751e8b465ee728b)  -> (artifact id: 'e490753edeba8953a4596e3cda5b0237') in 0.025037 seconds 
========================================================================
Received Import Request.
  Time since last request: 2.033100 seconds.
  path: Assets/Prefabs/194-1947476_mario-blocks-hd-png-download_31.prefab
  artifactKey: Guid(97d1ebcfaae5fff4d919ecd3f10f5751) Importer(815301076,1909f56bfc062723c751e8b465ee728b)
Start importing Assets/Prefabs/194-1947476_mario-blocks-hd-png-download_31.prefab using Guid(97d1ebcfaae5fff4d919ecd3f10f5751) Importer(815301076,1909f56bfc062723c751e8b465ee728b)  -> (artifact id: 'be9c88b58a48f779b3f5ae18e7bbb90c') in 0.018273 seconds 
========================================================================
Received Import Request.
  Time since last request: 8.347208 seconds.
  path: Assets/Prefabs/194-1947476_mario-blocks-hd-png-download_31.prefab
  artifactKey: Guid(97d1ebcfaae5fff4d919ecd3f10f5751) Importer(815301076,1909f56bfc062723c751e8b465ee728b)
Start importing Assets/Prefabs/194-1947476_mario-blocks-hd-png-download_31.prefab using Guid(97d1ebcfaae5fff4d919ecd3f10f5751) Importer(815301076,1909f56bfc062723c751e8b465ee728b)  -> (artifact id: '7389d093a10656d03933cedf3fe56455') in 0.015939 seconds 
========================================================================
Received Import Request.
  Time since last request: 3.181690 seconds.
  path: Assets/Prefabs/194-1947476_mario-blocks-hd-png-download_31.prefab
  artifactKey: Guid(97d1ebcfaae5fff4d919ecd3f10f5751) Importer(815301076,1909f56bfc062723c751e8b465ee728b)
Start importing Assets/Prefabs/194-1947476_mario-blocks-hd-png-download_31.prefab using Guid(97d1ebcfaae5fff4d919ecd3f10f5751) Importer(815301076,1909f56bfc062723c751e8b465ee728b)  -> (artifact id: '9043c86ace8054ef94c21b10eac49505') in 0.018710 seconds 
========================================================================
Received Import Request.
  Time since last request: 2.382409 seconds.
  path: Assets/Prefabs/194-1947476_mario-blocks-hd-png-download_31.prefab
  artifactKey: Guid(97d1ebcfaae5fff4d919ecd3f10f5751) Importer(815301076,1909f56bfc062723c751e8b465ee728b)
Start importing Assets/Prefabs/194-1947476_mario-blocks-hd-png-download_31.prefab using Guid(97d1ebcfaae5fff4d919ecd3f10f5751) Importer(815301076,1909f56bfc062723c751e8b465ee728b)  -> (artifact id: 'eb6af789447aebcae3c5261538ba0983') in 0.018308 seconds 
========================================================================
Received Import Request.
  Time since last request: 7.404050 seconds.
  path: Assets/Prefabs/194-1947476_mario-blocks-hd-png-download_31.prefab
  artifactKey: Guid(97d1ebcfaae5fff4d919ecd3f10f5751) Importer(815301076,1909f56bfc062723c751e8b465ee728b)
Start importing Assets/Prefabs/194-1947476_mario-blocks-hd-png-download_31.prefab using Guid(97d1ebcfaae5fff4d919ecd3f10f5751) Importer(815301076,1909f56bfc062723c751e8b465ee728b)  -> (artifact id: 'f764fcc8fdf66ac9c7a09615ac8e5c62') in 0.020230 seconds 
========================================================================
Received Import Request.
  Time since last request: 13.063076 seconds.
  path: Assets/Animations
  artifactKey: Guid(7725abdbdc9c1ea4e85502bdb00439ce) Importer(815301076,1909f56bfc062723c751e8b465ee728b)
Start importing Assets/Animations using Guid(7725abdbdc9c1ea4e85502bdb00439ce) Importer(815301076,1909f56bfc062723c751e8b465ee728b)  -> (artifact id: '8f235711731c6e50f8be94cb8ef2b1f3') in 0.003941 seconds 
========================================================================
Received Import Request.
  Time since last request: 5.922337 seconds.
  path: Assets/Prefabs/194-1947476_mario-blocks-hd-png-download_31.prefab
  artifactKey: Guid(97d1ebcfaae5fff4d919ecd3f10f5751) Importer(815301076,1909f56bfc062723c751e8b465ee728b)
Start importing Assets/Prefabs/194-1947476_mario-blocks-hd-png-download_31.prefab using Guid(97d1ebcfaae5fff4d919ecd3f10f5751) Importer(815301076,1909f56bfc062723c751e8b465ee728b)  -> (artifact id: '72ad742420eba0d611b87d44cfa0102c') in 0.018716 seconds 
========================================================================
Received Import Request.
  Time since last request: 5.426503 seconds.
  path: Assets/Prefabs/194-1947476_mario-blocks-hd-png-download_31.prefab
  artifactKey: Guid(97d1ebcfaae5fff4d919ecd3f10f5751) Importer(815301076,1909f56bfc062723c751e8b465ee728b)
Start importing Assets/Prefabs/194-1947476_mario-blocks-hd-png-download_31.prefab using Guid(97d1ebcfaae5fff4d919ecd3f10f5751) Importer(815301076,1909f56bfc062723c751e8b465ee728b)  -> (artifact id: '505179e834c6e7fd7239bb4f1ad1bcbd') in 0.019712 seconds 
========================================================================
Received Import Request.
  Time since last request: 4.983791 seconds.
  path: Assets/Prefabs/194-1947476_mario-blocks-hd-png-download_31.prefab
  artifactKey: Guid(97d1ebcfaae5fff4d919ecd3f10f5751) Importer(815301076,1909f56bfc062723c751e8b465ee728b)
Start importing Assets/Prefabs/194-1947476_mario-blocks-hd-png-download_31.prefab using Guid(97d1ebcfaae5fff4d919ecd3f10f5751) Importer(815301076,1909f56bfc062723c751e8b465ee728b)  -> (artifact id: 'f964204c69a3e4d3e6bff839e51882b2') in 0.020028 seconds 
========================================================================
Received Import Request.
  Time since last request: 1.183641 seconds.
  path: Assets/Prefabs/194-1947476_mario-blocks-hd-png-download_31.prefab
  artifactKey: Guid(97d1ebcfaae5fff4d919ecd3f10f5751) Importer(815301076,1909f56bfc062723c751e8b465ee728b)
Start importing Assets/Prefabs/194-1947476_mario-blocks-hd-png-download_31.prefab using Guid(97d1ebcfaae5fff4d919ecd3f10f5751) Importer(815301076,1909f56bfc062723c751e8b465ee728b)  -> (artifact id: '91f2e5d96a796b3ec6ccacdbca5957a9') in 0.017173 seconds 
========================================================================
Received Import Request.
  Time since last request: 1.813526 seconds.
  path: Assets/Prefabs/194-1947476_mario-blocks-hd-png-download_31.prefab
  artifactKey: Guid(97d1ebcfaae5fff4d919ecd3f10f5751) Importer(815301076,1909f56bfc062723c751e8b465ee728b)
Start importing Assets/Prefabs/194-1947476_mario-blocks-hd-png-download_31.prefab using Guid(97d1ebcfaae5fff4d919ecd3f10f5751) Importer(815301076,1909f56bfc062723c751e8b465ee728b)  -> (artifact id: '366a309149354a5004bb81de61ed1ab7') in 0.023313 seconds 
========================================================================
Received Import Request.
  Time since last request: 1.754220 seconds.
  path: Assets/Prefabs/194-1947476_mario-blocks-hd-png-download_31.prefab
  artifactKey: Guid(97d1ebcfaae5fff4d919ecd3f10f5751) Importer(815301076,1909f56bfc062723c751e8b465ee728b)
Start importing Assets/Prefabs/194-1947476_mario-blocks-hd-png-download_31.prefab using Guid(97d1ebcfaae5fff4d919ecd3f10f5751) Importer(815301076,1909f56bfc062723c751e8b465ee728b)  -> (artifact id: '440766acaf26aaa2aa429c210a6f0f74') in 0.022615 seconds 
========================================================================
Received Import Request.
  Time since last request: 8.083784 seconds.
  path: Assets/Prefabs/194-1947476_mario-blocks-hd-png-download_31.prefab
  artifactKey: Guid(97d1ebcfaae5fff4d919ecd3f10f5751) Importer(815301076,1909f56bfc062723c751e8b465ee728b)
Start importing Assets/Prefabs/194-1947476_mario-blocks-hd-png-download_31.prefab using Guid(97d1ebcfaae5fff4d919ecd3f10f5751) Importer(815301076,1909f56bfc062723c751e8b465ee728b)  -> (artifact id: 'd2cc94ab4b94c80702d7851053302b6a') in 0.061664 seconds 
========================================================================
Received Import Request.
  Time since last request: 4.528524 seconds.
  path: Assets/Prefabs/194-1947476_mario-blocks-hd-png-download_31.prefab
  artifactKey: Guid(97d1ebcfaae5fff4d919ecd3f10f5751) Importer(815301076,1909f56bfc062723c751e8b465ee728b)
Start importing Assets/Prefabs/194-1947476_mario-blocks-hd-png-download_31.prefab using Guid(97d1ebcfaae5fff4d919ecd3f10f5751) Importer(815301076,1909f56bfc062723c751e8b465ee728b)  -> (artifact id: '66ebf95ce36a2f640d7a8a65b5a6986d') in 0.054279 seconds 
========================================================================
Received Import Request.
  Time since last request: 4.365017 seconds.
  path: Assets/Prefabs/194-1947476_mario-blocks-hd-png-download_31.prefab
  artifactKey: Guid(97d1ebcfaae5fff4d919ecd3f10f5751) Importer(815301076,1909f56bfc062723c751e8b465ee728b)
Start importing Assets/Prefabs/194-1947476_mario-blocks-hd-png-download_31.prefab using Guid(97d1ebcfaae5fff4d919ecd3f10f5751) Importer(815301076,1909f56bfc062723c751e8b465ee728b)  -> (artifact id: '1429735c7c2540c5763fa064ac3f99fb') in 0.041558 seconds 
========================================================================
Received Import Request.
  Time since last request: 25.881466 seconds.
  path: Assets/Prefabs/194-1947476_mario-blocks-hd-png-download_31.prefab
  artifactKey: Guid(97d1ebcfaae5fff4d919ecd3f10f5751) Importer(815301076,1909f56bfc062723c751e8b465ee728b)
Start importing Assets/Prefabs/194-1947476_mario-blocks-hd-png-download_31.prefab using Guid(97d1ebcfaae5fff4d919ecd3f10f5751) Importer(815301076,1909f56bfc062723c751e8b465ee728b)  -> (artifact id: 'a190d9cd24395c42701d6ced83a6e72e') in 0.048952 seconds 
========================================================================
Received Import Request.
  Time since last request: 4.461829 seconds.
  path: Assets/Prefabs/194-1947476_mario-blocks-hd-png-download_31.prefab
  artifactKey: Guid(97d1ebcfaae5fff4d919ecd3f10f5751) Importer(815301076,1909f56bfc062723c751e8b465ee728b)
Start importing Assets/Prefabs/194-1947476_mario-blocks-hd-png-download_31.prefab using Guid(97d1ebcfaae5fff4d919ecd3f10f5751) Importer(815301076,1909f56bfc062723c751e8b465ee728b)  -> (artifact id: 'f5830050dbdef585e5c613dae727492c') in 0.048548 seconds 
========================================================================
Received Import Request.
  Time since last request: 11.568342 seconds.
  path: Assets/Prefabs/194-1947476_mario-blocks-hd-png-download_31.prefab
  artifactKey: Guid(97d1ebcfaae5fff4d919ecd3f10f5751) Importer(815301076,1909f56bfc062723c751e8b465ee728b)
Start importing Assets/Prefabs/194-1947476_mario-blocks-hd-png-download_31.prefab using Guid(97d1ebcfaae5fff4d919ecd3f10f5751) Importer(815301076,1909f56bfc062723c751e8b465ee728b)  -> (artifact id: '98f47218a616831b0c418ac8e712307b') in 0.046703 seconds 
========================================================================
Received Import Request.
  Time since last request: 5.727109 seconds.
  path: Assets/Prefabs/194-1947476_mario-blocks-hd-png-download_31.prefab
  artifactKey: Guid(97d1ebcfaae5fff4d919ecd3f10f5751) Importer(815301076,1909f56bfc062723c751e8b465ee728b)
Start importing Assets/Prefabs/194-1947476_mario-blocks-hd-png-download_31.prefab using Guid(97d1ebcfaae5fff4d919ecd3f10f5751) Importer(815301076,1909f56bfc062723c751e8b465ee728b)  -> (artifact id: 'd27a6c8601ce2146e20b61c7ce5353da') in 0.045831 seconds 
========================================================================
Received Import Request.
  Time since last request: 15.219047 seconds.
  path: Assets/Prefabs/194-1947476_mario-blocks-hd-png-download_31.prefab
  artifactKey: Guid(97d1ebcfaae5fff4d919ecd3f10f5751) Importer(815301076,1909f56bfc062723c751e8b465ee728b)
Start importing Assets/Prefabs/194-1947476_mario-blocks-hd-png-download_31.prefab using Guid(97d1ebcfaae5fff4d919ecd3f10f5751) Importer(815301076,1909f56bfc062723c751e8b465ee728b)  -> (artifact id: '8faab45a709734109d6bfff5264e3b5d') in 0.043919 seconds 
========================================================================
Received Import Request.
  Time since last request: 4.291634 seconds.
  path: Assets/Prefabs/194-1947476_mario-blocks-hd-png-download_31.prefab
  artifactKey: Guid(97d1ebcfaae5fff4d919ecd3f10f5751) Importer(815301076,1909f56bfc062723c751e8b465ee728b)
Start importing Assets/Prefabs/194-1947476_mario-blocks-hd-png-download_31.prefab using Guid(97d1ebcfaae5fff4d919ecd3f10f5751) Importer(815301076,1909f56bfc062723c751e8b465ee728b)  -> (artifact id: '23a2b596a90e262f72bd38d65c27af35') in 0.041821 seconds 
========================================================================
Received Import Request.
  Time since last request: 3.583177 seconds.
  path: Assets/Prefabs/194-1947476_mario-blocks-hd-png-download_31.prefab
  artifactKey: Guid(97d1ebcfaae5fff4d919ecd3f10f5751) Importer(815301076,1909f56bfc062723c751e8b465ee728b)
Start importing Assets/Prefabs/194-1947476_mario-blocks-hd-png-download_31.prefab using Guid(97d1ebcfaae5fff4d919ecd3f10f5751) Importer(815301076,1909f56bfc062723c751e8b465ee728b)  -> (artifact id: '7e9921c58b7682f6d520eae4e076de05') in 0.042179 seconds 
========================================================================
Received Import Request.
  Time since last request: 0.410804 seconds.
  path: Assets/Prefabs/194-1947476_mario-blocks-hd-png-download_31.prefab
  artifactKey: Guid(97d1ebcfaae5fff4d919ecd3f10f5751) Importer(815301076,1909f56bfc062723c751e8b465ee728b)
Start importing Assets/Prefabs/194-1947476_mario-blocks-hd-png-download_31.prefab using Guid(97d1ebcfaae5fff4d919ecd3f10f5751) Importer(815301076,1909f56bfc062723c751e8b465ee728b)  -> (artifact id: 'ddd4618b913e58fc86cb0d914e138365') in 0.043261 seconds 
========================================================================
Received Import Request.
  Time since last request: 0.841585 seconds.
  path: Assets/Prefabs/194-1947476_mario-blocks-hd-png-download_31.prefab
  artifactKey: Guid(97d1ebcfaae5fff4d919ecd3f10f5751) Importer(815301076,1909f56bfc062723c751e8b465ee728b)
Start importing Assets/Prefabs/194-1947476_mario-blocks-hd-png-download_31.prefab using Guid(97d1ebcfaae5fff4d919ecd3f10f5751) Importer(815301076,1909f56bfc062723c751e8b465ee728b)  -> (artifact id: '2d8b31c5ed118580b892c17f7c44b3ab') in 0.047776 seconds 
========================================================================
Received Import Request.
  Time since last request: 0.658434 seconds.
  path: Assets/Prefabs/194-1947476_mario-blocks-hd-png-download_31.prefab
  artifactKey: Guid(97d1ebcfaae5fff4d919ecd3f10f5751) Importer(815301076,1909f56bfc062723c751e8b465ee728b)
Start importing Assets/Prefabs/194-1947476_mario-blocks-hd-png-download_31.prefab using Guid(97d1ebcfaae5fff4d919ecd3f10f5751) Importer(815301076,1909f56bfc062723c751e8b465ee728b)  -> (artifact id: 'fd1752e997b850624657f41a9f183bc5') in 0.040408 seconds 
========================================================================
Received Import Request.
  Time since last request: 20.937193 seconds.
  path: Assets/Prefabs/194-1947476_mario-blocks-hd-png-download_31.prefab
  artifactKey: Guid(97d1ebcfaae5fff4d919ecd3f10f5751) Importer(815301076,1909f56bfc062723c751e8b465ee728b)
Start importing Assets/Prefabs/194-1947476_mario-blocks-hd-png-download_31.prefab using Guid(97d1ebcfaae5fff4d919ecd3f10f5751) Importer(815301076,1909f56bfc062723c751e8b465ee728b)  -> (artifact id: 'a3ab414a53d712b61489f1c30c87fa31') in 0.045680 seconds 
========================================================================
Received Import Request.
  Time since last request: 4.007276 seconds.
  path: Assets/Prefabs/194-1947476_mario-blocks-hd-png-download_31.prefab
  artifactKey: Guid(97d1ebcfaae5fff4d919ecd3f10f5751) Importer(815301076,1909f56bfc062723c751e8b465ee728b)
Start importing Assets/Prefabs/194-1947476_mario-blocks-hd-png-download_31.prefab using Guid(97d1ebcfaae5fff4d919ecd3f10f5751) Importer(815301076,1909f56bfc062723c751e8b465ee728b)  -> (artifact id: '0bda89b06eb01851946786db47550dae') in 0.047945 seconds 
========================================================================
Received Import Request.
  Time since last request: 10.793572 seconds.
  path: Assets/Prefabs/194-1947476_mario-blocks-hd-png-download_31.prefab
  artifactKey: Guid(97d1ebcfaae5fff4d919ecd3f10f5751) Importer(815301076,1909f56bfc062723c751e8b465ee728b)
Start importing Assets/Prefabs/194-1947476_mario-blocks-hd-png-download_31.prefab using Guid(97d1ebcfaae5fff4d919ecd3f10f5751) Importer(815301076,1909f56bfc062723c751e8b465ee728b)  -> (artifact id: '9ab7a0475f2caa5df3007bac15e349be') in 0.051498 seconds 
========================================================================
Received Import Request.
  Time since last request: 7.386771 seconds.
  path: Assets/Prefabs/194-1947476_mario-blocks-hd-png-download_31.prefab
  artifactKey: Guid(97d1ebcfaae5fff4d919ecd3f10f5751) Importer(815301076,1909f56bfc062723c751e8b465ee728b)
Start importing Assets/Prefabs/194-1947476_mario-blocks-hd-png-download_31.prefab using Guid(97d1ebcfaae5fff4d919ecd3f10f5751) Importer(815301076,1909f56bfc062723c751e8b465ee728b)  -> (artifact id: '7d75acf972106dccb4fcc06b33a1f125') in 0.041069 seconds 
========================================================================
Received Import Request.
  Time since last request: 2.522413 seconds.
  path: Assets/Prefabs/194-1947476_mario-blocks-hd-png-download_31.prefab
  artifactKey: Guid(97d1ebcfaae5fff4d919ecd3f10f5751) Importer(815301076,1909f56bfc062723c751e8b465ee728b)
Start importing Assets/Prefabs/194-1947476_mario-blocks-hd-png-download_31.prefab using Guid(97d1ebcfaae5fff4d919ecd3f10f5751) Importer(815301076,1909f56bfc062723c751e8b465ee728b)  -> (artifact id: '819cf848cc9c8ff8094f99cb78b444a9') in 0.043190 seconds 
========================================================================
Received Import Request.
  Time since last request: 1.907703 seconds.
  path: Assets/Prefabs/194-1947476_mario-blocks-hd-png-download_31.prefab
  artifactKey: Guid(97d1ebcfaae5fff4d919ecd3f10f5751) Importer(815301076,1909f56bfc062723c751e8b465ee728b)
Start importing Assets/Prefabs/194-1947476_mario-blocks-hd-png-download_31.prefab using Guid(97d1ebcfaae5fff4d919ecd3f10f5751) Importer(815301076,1909f56bfc062723c751e8b465ee728b)  -> (artifact id: '62972c2048ff2542783b9fa39024074a') in 0.050971 seconds 
========================================================================
Received Import Request.
  Time since last request: 1.880177 seconds.
  path: Assets/Prefabs/194-1947476_mario-blocks-hd-png-download_31.prefab
  artifactKey: Guid(97d1ebcfaae5fff4d919ecd3f10f5751) Importer(815301076,1909f56bfc062723c751e8b465ee728b)
Start importing Assets/Prefabs/194-1947476_mario-blocks-hd-png-download_31.prefab using Guid(97d1ebcfaae5fff4d919ecd3f10f5751) Importer(815301076,1909f56bfc062723c751e8b465ee728b)  -> (artifact id: 'baf53bca1626b31c70b18fc5b7810762') in 0.043075 seconds 
========================================================================
Received Import Request.
  Time since last request: 2.537352 seconds.
  path: Assets/Prefabs/194-1947476_mario-blocks-hd-png-download_31.prefab
  artifactKey: Guid(97d1ebcfaae5fff4d919ecd3f10f5751) Importer(815301076,1909f56bfc062723c751e8b465ee728b)
Start importing Assets/Prefabs/194-1947476_mario-blocks-hd-png-download_31.prefab using Guid(97d1ebcfaae5fff4d919ecd3f10f5751) Importer(815301076,1909f56bfc062723c751e8b465ee728b)  -> (artifact id: 'a6051e065f1914b3171d433558ac2cf2') in 0.043819 seconds 
========================================================================
Received Import Request.
  Time since last request: 2.043800 seconds.
  path: Assets/Prefabs/194-1947476_mario-blocks-hd-png-download_31.prefab
  artifactKey: Guid(97d1ebcfaae5fff4d919ecd3f10f5751) Importer(815301076,1909f56bfc062723c751e8b465ee728b)
Start importing Assets/Prefabs/194-1947476_mario-blocks-hd-png-download_31.prefab using Guid(97d1ebcfaae5fff4d919ecd3f10f5751) Importer(815301076,1909f56bfc062723c751e8b465ee728b)  -> (artifact id: '5b7c20339a298dab939c451f07e63a10') in 0.046606 seconds 
========================================================================
Received Import Request.
  Time since last request: 2.230993 seconds.
  path: Assets/Prefabs/194-1947476_mario-blocks-hd-png-download_31.prefab
  artifactKey: Guid(97d1ebcfaae5fff4d919ecd3f10f5751) Importer(815301076,1909f56bfc062723c751e8b465ee728b)
Start importing Assets/Prefabs/194-1947476_mario-blocks-hd-png-download_31.prefab using Guid(97d1ebcfaae5fff4d919ecd3f10f5751) Importer(815301076,1909f56bfc062723c751e8b465ee728b)  -> (artifact id: '96a23413ee6131ae363a3d1ae2c56392') in 0.046145 seconds 
========================================================================
Received Import Request.
  Time since last request: 14.973240 seconds.
  path: Assets/Prefabs/194-1947476_mario-blocks-hd-png-download_31.prefab
  artifactKey: Guid(97d1ebcfaae5fff4d919ecd3f10f5751) Importer(815301076,1909f56bfc062723c751e8b465ee728b)
Start importing Assets/Prefabs/194-1947476_mario-blocks-hd-png-download_31.prefab using Guid(97d1ebcfaae5fff4d919ecd3f10f5751) Importer(815301076,1909f56bfc062723c751e8b465ee728b)  -> (artifact id: 'd1853b048867f8ac3c14e59dc6f95d42') in 0.043524 seconds 
========================================================================
Received Import Request.
  Time since last request: 25.837707 seconds.
  path: Assets/Prefabs/194-1947476_mario-blocks-hd-png-download_31.prefab
  artifactKey: Guid(97d1ebcfaae5fff4d919ecd3f10f5751) Importer(815301076,1909f56bfc062723c751e8b465ee728b)
Start importing Assets/Prefabs/194-1947476_mario-blocks-hd-png-download_31.prefab using Guid(97d1ebcfaae5fff4d919ecd3f10f5751) Importer(815301076,1909f56bfc062723c751e8b465ee728b)  -> (artifact id: '3ec5db5bbdefedbf55361f96f0585a04') in 0.043631 seconds 
========================================================================
Received Import Request.
  Time since last request: 175.943528 seconds.
  path: Assets/Prefabs/BrickBlock2.prefab
  artifactKey: Guid(97d1ebcfaae5fff4d919ecd3f10f5751) Importer(815301076,1909f56bfc062723c751e8b465ee728b)
Start importing Assets/Prefabs/BrickBlock2.prefab using Guid(97d1ebcfaae5fff4d919ecd3f10f5751) Importer(815301076,1909f56bfc062723c751e8b465ee728b) The Animator Controller (BrickBlock2) you have used is not valid. Animations will not play
UnityEngine.StackTraceUtility:ExtractStackTrace ()
UnityEditor.EditorUtility:Internal_InstantiateRemoveAllNonAnimationComponentsSingle (UnityEngine.Object,UnityEngine.Vector3,UnityEngine.Quaternion)
UnityEditor.EditorUtility:InstantiateRemoveAllNonAnimationComponents (UnityEngine.Object,UnityEngine.Vector3,UnityEngine.Quaternion)
UnityEditor.EditorUtility:InstantiateForAnimatorPreview (UnityEngine.Object)
UnityEditor.GameObjectInspector/PreviewData:UpdateGameObject (UnityEngine.Object)
UnityEditor.GameObjectInspector/PreviewData:.ctor (UnityEngine.Object)
UnityEditor.GameObjectInspector:GetPreviewData ()
UnityEditor.GameObjectInspector:RenderStaticPreview (string,UnityEngine.Object[],int,int)
UnityEditor.AssetPreviewUpdater:CreatePreview (UnityEngine.Object,UnityEngine.Object[],string,int,int)
UnityEditor.AssetPreviewUpdater:CreatePreviewForAsset (UnityEngine.Object,UnityEngine.Object[],string)

[C:\buildslave\unity\build\Modules\Animation\Director\AnimatorControllerPlayable.cpp line 333]

The Animator Controller (BrickBlock2) you have used is not valid. Animations will not play
UnityEngine.StackTraceUtility:ExtractStackTrace ()
UnityEditor.EditorUtility:InitInstantiatedPreviewRecursive (UnityEngine.GameObject)
UnityEditor.EditorUtility:InstantiateForAnimatorPreview (UnityEngine.Object)
UnityEditor.GameObjectInspector/PreviewData:UpdateGameObject (UnityEngine.Object)
UnityEditor.GameObjectInspector/PreviewData:.ctor (UnityEngine.Object)
UnityEditor.GameObjectInspector:GetPreviewData ()
UnityEditor.GameObjectInspector:RenderStaticPreview (string,UnityEngine.Object[],int,int)
UnityEditor.AssetPreviewUpdater:CreatePreview (UnityEngine.Object,UnityEngine.Object[],string,int,int)
UnityEditor.AssetPreviewUpdater:CreatePreviewForAsset (UnityEngine.Object,UnityEngine.Object[],string)

[C:\buildslave\unity\build\Modules\Animation\Director\AnimatorControllerPlayable.cpp line 333]

 -> (artifact id: 'd5aded3162e6f954bc801d9bbcffa6e0') in 0.042421 seconds 
========================================================================
Received Prepare
Registering precompiled user dll's ...
Registered in 0.005306 seconds.
Begin MonoManager ReloadAssembly
Symbol file LoadedFromMemory doesn't match image D:\DAIHOC\baocaogame\baocao\Library\PackageCache\com.unity.visualscripting@1.7.8\Editor\VisualScripting.Core\Dependencies\YamlDotNet\Unity.VisualScripting.YamlDotNet.dll
Symbol file LoadedFromMemory doesn't match image D:\DAIHOC\baocaogame\baocao\Library\PackageCache\com.unity.visualscripting@1.7.8\Editor\VisualScripting.Core\Dependencies\DotNetZip\Unity.VisualScripting.IonicZip.dll
Native extension for WindowsStandalone target not found
Refreshing native plugins compatible for Editor in 1.75 ms, found 4 plugins.
Preloading 0 native plugins for Editor in 0.00 ms.
Mono: successfully reloaded assembly
- Completed reload, in  1.469 seconds
Domain Reload Profiling:
	ReloadAssembly (1470ms)
		BeginReloadAssembly (197ms)
			ExecutionOrderSort (0ms)
			DisableScriptedObjects (9ms)
			BackupInstance (0ms)
			ReleaseScriptingObjects (0ms)
			CreateAndSetChildDomain (61ms)
		EndReloadAssembly (1139ms)
			LoadAssemblies (129ms)
			RebuildTransferFunctionScriptingTraits (0ms)
			SetupTypeCache (400ms)
			ReleaseScriptCaches (2ms)
			RebuildScriptCaches (76ms)
			SetupLoadedEditorAssemblies (478ms)
				LogAssemblyErrors (0ms)
				InitializePlatformSupportModulesInManaged (16ms)
				SetLoadedEditorAssemblies (1ms)
				RefreshPlugins (2ms)
				BeforeProcessingInitializeOnLoad (102ms)
				ProcessInitializeOnLoadAttributes (296ms)
				ProcessInitializeOnLoadMethodAttributes (54ms)
				AfterProcessingInitializeOnLoad (7ms)
				EditorAssembliesLoaded (0ms)
			ExecutionOrderSort2 (0ms)
			AwakeInstancesAfterBackupRestoration (13ms)
Platform modules already initialized, skipping
Refreshing native plugins compatible for Editor in 3.38 ms, found 4 plugins.
Preloading 0 native plugins for Editor in 0.00 ms.
Unloading 4099 Unused Serialized files (Serialized files now loaded: 0)
Unloading 29 unused Assets / (129.1 KB). Loaded Objects now: 4596.
Memory consumption went from 163.7 MB to 163.6 MB.
Total: 6.381720 ms (FindLiveObjects: 0.711481 ms CreateObjectMapping: 0.364329 ms MarkObjects: 5.089528 ms  DeleteObjects: 0.214719 ms)

AssetImportParameters requested are different than current active one (requested -> active):
  custom:video-decoder-ogg-theora: a1e56fd34408186e4bbccfd4996cb3dc -> 
  custom:container-muxer-webm: aa71ff27fc2769a1b78a27578f13a17b -> 
  custom:container-demuxer-webm: 4f35f7cbe854078d1ac9338744f61a02 -> 
  custom:video-encoder-webm-vp8: eb34c28f22e8b96e1ab97ce403110664 -> 
  custom:video-codec-MediaFoundation-h265: 55f8c8538cf0483ab7069ead6b737db2 -> 
  custom:audio-encoder-webm-vorbis: bf7c407c2cedff20999df2af8eb42d56 -> 
  custom:framework-win-MediaFoundation: 216162199b28c13a410421893ffa2e32 -> 
  custom:container-demuxer-ogg: 62fdf1f143b41e24485cea50d1cbac27 -> 
  custom:video-decoder-webm-vp8: 9c59270c3fd7afecdb556c50c9e8de78 -> 
  custom:audio-decoder-ogg-vorbis: bf7c407c2cedff20999df2af8eb42d56 -> 
========================================================================
Received Import Request.
  Time since last request: 41.358113 seconds.
  path: Assets/Prefabs/BrickBlock2.prefab
  artifactKey: Guid(97d1ebcfaae5fff4d919ecd3f10f5751) Importer(815301076,1909f56bfc062723c751e8b465ee728b)
Start importing Assets/Prefabs/BrickBlock2.prefab using Guid(97d1ebcfaae5fff4d919ecd3f10f5751) Importer(815301076,1909f56bfc062723c751e8b465ee728b) The Animator Controller (BrickBlock2) you have used is not valid. Animations will not play
UnityEngine.StackTraceUtility:ExtractStackTrace ()
UnityEditor.EditorUtility:Internal_InstantiateRemoveAllNonAnimationComponentsSingle (UnityEngine.Object,UnityEngine.Vector3,UnityEngine.Quaternion)
UnityEditor.EditorUtility:InstantiateRemoveAllNonAnimationComponents (UnityEngine.Object,UnityEngine.Vector3,UnityEngine.Quaternion)
UnityEditor.EditorUtility:InstantiateForAnimatorPreview (UnityEngine.Object)
UnityEditor.GameObjectInspector/PreviewData:UpdateGameObject (UnityEngine.Object)
UnityEditor.GameObjectInspector/PreviewData:.ctor (UnityEngine.Object)
UnityEditor.GameObjectInspector:GetPreviewData ()
UnityEditor.GameObjectInspector:RenderStaticPreview (string,UnityEngine.Object[],int,int)
UnityEditor.AssetPreviewUpdater:CreatePreview (UnityEngine.Object,UnityEngine.Object[],string,int,int)
UnityEditor.AssetPreviewUpdater:CreatePreviewForAsset (UnityEngine.Object,UnityEngine.Object[],string)

[C:\buildslave\unity\build\Modules\Animation\Director\AnimatorControllerPlayable.cpp line 333]

The Animator Controller (BrickBlock2) you have used is not valid. Animations will not play
UnityEngine.StackTraceUtility:ExtractStackTrace ()
UnityEditor.EditorUtility:InitInstantiatedPreviewRecursive (UnityEngine.GameObject)
UnityEditor.EditorUtility:InstantiateForAnimatorPreview (UnityEngine.Object)
UnityEditor.GameObjectInspector/PreviewData:UpdateGameObject (UnityEngine.Object)
UnityEditor.GameObjectInspector/PreviewData:.ctor (UnityEngine.Object)
UnityEditor.GameObjectInspector:GetPreviewData ()
UnityEditor.GameObjectInspector:RenderStaticPreview (string,UnityEngine.Object[],int,int)
UnityEditor.AssetPreviewUpdater:CreatePreview (UnityEngine.Object,UnityEngine.Object[],string,int,int)
UnityEditor.AssetPreviewUpdater:CreatePreviewForAsset (UnityEngine.Object,UnityEngine.Object[],string)

[C:\buildslave\unity\build\Modules\Animation\Director\AnimatorControllerPlayable.cpp line 333]

 -> (artifact id: '079de72e44684d817335c295646826dd') in 0.107772 seconds 
========================================================================
Received Import Request.
  Time since last request: 10.116673 seconds.
  path: Assets/Prefabs/BrickBlock2.prefab
  artifactKey: Guid(97d1ebcfaae5fff4d919ecd3f10f5751) Importer(815301076,1909f56bfc062723c751e8b465ee728b)
Start importing Assets/Prefabs/BrickBlock2.prefab using Guid(97d1ebcfaae5fff4d919ecd3f10f5751) Importer(815301076,1909f56bfc062723c751e8b465ee728b) The Animator Controller (BrickBlock2) you have used is not valid. Animations will not play
UnityEngine.StackTraceUtility:ExtractStackTrace ()
UnityEditor.EditorUtility:Internal_InstantiateRemoveAllNonAnimationComponentsSingle (UnityEngine.Object,UnityEngine.Vector3,UnityEngine.Quaternion)
UnityEditor.EditorUtility:InstantiateRemoveAllNonAnimationComponents (UnityEngine.Object,UnityEngine.Vector3,UnityEngine.Quaternion)
UnityEditor.EditorUtility:InstantiateForAnimatorPreview (UnityEngine.Object)
UnityEditor.GameObjectInspector/PreviewData:UpdateGameObject (UnityEngine.Object)
UnityEditor.GameObjectInspector/PreviewData:.ctor (UnityEngine.Object)
UnityEditor.GameObjectInspector:GetPreviewData ()
UnityEditor.GameObjectInspector:RenderStaticPreview (string,UnityEngine.Object[],int,int)
UnityEditor.AssetPreviewUpdater:CreatePreview (UnityEngine.Object,UnityEngine.Object[],string,int,int)
UnityEditor.AssetPreviewUpdater:CreatePreviewForAsset (UnityEngine.Object,UnityEngine.Object[],string)

[C:\buildslave\unity\build\Modules\Animation\Director\AnimatorControllerPlayable.cpp line 333]

The Animator Controller (BrickBlock2) you have used is not valid. Animations will not play
UnityEngine.StackTraceUtility:ExtractStackTrace ()
UnityEditor.EditorUtility:InitInstantiatedPreviewRecursive (UnityEngine.GameObject)
UnityEditor.EditorUtility:InstantiateForAnimatorPreview (UnityEngine.Object)
UnityEditor.GameObjectInspector/PreviewData:UpdateGameObject (UnityEngine.Object)
UnityEditor.GameObjectInspector/PreviewData:.ctor (UnityEngine.Object)
UnityEditor.GameObjectInspector:GetPreviewData ()
UnityEditor.GameObjectInspector:RenderStaticPreview (string,UnityEngine.Object[],int,int)
UnityEditor.AssetPreviewUpdater:CreatePreview (UnityEngine.Object,UnityEngine.Object[],string,int,int)
UnityEditor.AssetPreviewUpdater:CreatePreviewForAsset (UnityEngine.Object,UnityEngine.Object[],string)

[C:\buildslave\unity\build\Modules\Animation\Director\AnimatorControllerPlayable.cpp line 333]

 -> (artifact id: '13d2309e3fc630c44425d806d9743da8') in 0.048543 seconds 
========================================================================
Received Prepare
Registering precompiled user dll's ...
Registered in 0.005208 seconds.
Begin MonoManager ReloadAssembly
Symbol file LoadedFromMemory doesn't match image D:\DAIHOC\baocaogame\baocao\Library\PackageCache\com.unity.visualscripting@1.7.8\Editor\VisualScripting.Core\Dependencies\YamlDotNet\Unity.VisualScripting.YamlDotNet.dll
Symbol file LoadedFromMemory doesn't match image D:\DAIHOC\baocaogame\baocao\Library\PackageCache\com.unity.visualscripting@1.7.8\Editor\VisualScripting.Core\Dependencies\DotNetZip\Unity.VisualScripting.IonicZip.dll
Native extension for WindowsStandalone target not found
Refreshing native plugins compatible for Editor in 1.63 ms, found 4 plugins.
Preloading 0 native plugins for Editor in 0.00 ms.
Mono: successfully reloaded assembly
- Completed reload, in  1.665 seconds
Domain Reload Profiling:
	ReloadAssembly (1666ms)
		BeginReloadAssembly (214ms)
			ExecutionOrderSort (0ms)
			DisableScriptedObjects (10ms)
			BackupInstance (0ms)
			ReleaseScriptingObjects (0ms)
			CreateAndSetChildDomain (71ms)
		EndReloadAssembly (1309ms)
			LoadAssemblies (133ms)
			RebuildTransferFunctionScriptingTraits (0ms)
			SetupTypeCache (433ms)
			ReleaseScriptCaches (3ms)
			RebuildScriptCaches (91ms)
			SetupLoadedEditorAssemblies (564ms)
				LogAssemblyErrors (0ms)
				InitializePlatformSupportModulesInManaged (20ms)
				SetLoadedEditorAssemblies (1ms)
				RefreshPlugins (2ms)
				BeforeProcessingInitializeOnLoad (136ms)
				ProcessInitializeOnLoadAttributes (321ms)
				ProcessInitializeOnLoadMethodAttributes (73ms)
				AfterProcessingInitializeOnLoad (11ms)
				EditorAssembliesLoaded (0ms)
			ExecutionOrderSort2 (0ms)
			AwakeInstancesAfterBackupRestoration (20ms)
Platform modules already initialized, skipping
Refreshing native plugins compatible for Editor in 4.21 ms, found 4 plugins.
Preloading 0 native plugins for Editor in 0.00 ms.
Unloading 4099 Unused Serialized files (Serialized files now loaded: 0)
Unloading 29 unused Assets / (129.1 KB). Loaded Objects now: 4599.
Memory consumption went from 163.8 MB to 163.6 MB.
Total: 6.052854 ms (FindLiveObjects: 0.662165 ms CreateObjectMapping: 0.459914 ms MarkObjects: 4.688904 ms  DeleteObjects: 0.239100 ms)

AssetImportParameters requested are different than current active one (requested -> active):
  custom:video-decoder-ogg-theora: a1e56fd34408186e4bbccfd4996cb3dc -> 
  custom:container-muxer-webm: aa71ff27fc2769a1b78a27578f13a17b -> 
  custom:container-demuxer-webm: 4f35f7cbe854078d1ac9338744f61a02 -> 
  custom:video-encoder-webm-vp8: eb34c28f22e8b96e1ab97ce403110664 -> 
  custom:video-codec-MediaFoundation-h265: 55f8c8538cf0483ab7069ead6b737db2 -> 
  custom:audio-encoder-webm-vorbis: bf7c407c2cedff20999df2af8eb42d56 -> 
  custom:framework-win-MediaFoundation: 216162199b28c13a410421893ffa2e32 -> 
  custom:container-demuxer-ogg: 62fdf1f143b41e24485cea50d1cbac27 -> 
  custom:video-decoder-webm-vp8: 9c59270c3fd7afecdb556c50c9e8de78 -> 
  custom:audio-decoder-ogg-vorbis: bf7c407c2cedff20999df2af8eb42d56 -> 
========================================================================
Received Prepare
Registering precompiled user dll's ...
Registered in 0.005243 seconds.
Begin MonoManager ReloadAssembly
Symbol file LoadedFromMemory doesn't match image D:\DAIHOC\baocaogame\baocao\Library\PackageCache\com.unity.visualscripting@1.7.8\Editor\VisualScripting.Core\Dependencies\YamlDotNet\Unity.VisualScripting.YamlDotNet.dll
Symbol file LoadedFromMemory doesn't match image D:\DAIHOC\baocaogame\baocao\Library\PackageCache\com.unity.visualscripting@1.7.8\Editor\VisualScripting.Core\Dependencies\DotNetZip\Unity.VisualScripting.IonicZip.dll
Native extension for WindowsStandalone target not found
Refreshing native plugins compatible for Editor in 1.83 ms, found 4 plugins.
Preloading 0 native plugins for Editor in 0.00 ms.
Mono: successfully reloaded assembly
- Completed reload, in  1.422 seconds
Domain Reload Profiling:
	ReloadAssembly (1422ms)
		BeginReloadAssembly (191ms)
			ExecutionOrderSort (0ms)
			DisableScriptedObjects (7ms)
			BackupInstance (0ms)
			ReleaseScriptingObjects (0ms)
			CreateAndSetChildDomain (59ms)
		EndReloadAssembly (1092ms)
			LoadAssemblies (131ms)
			RebuildTransferFunctionScriptingTraits (0ms)
			SetupTypeCache (344ms)
			ReleaseScriptCaches (2ms)
			RebuildScriptCaches (80ms)
			SetupLoadedEditorAssemblies (493ms)
				LogAssemblyErrors (0ms)
				InitializePlatformSupportModulesInManaged (17ms)
				SetLoadedEditorAssemblies (1ms)
				RefreshPlugins (2ms)
				BeforeProcessingInitializeOnLoad (107ms)
				ProcessInitializeOnLoadAttributes (301ms)
				ProcessInitializeOnLoadMethodAttributes (59ms)
				AfterProcessingInitializeOnLoad (7ms)
				EditorAssembliesLoaded (0ms)
			ExecutionOrderSort2 (0ms)
			AwakeInstancesAfterBackupRestoration (12ms)
Platform modules already initialized, skipping
Refreshing native plugins compatible for Editor in 3.67 ms, found 4 plugins.
Preloading 0 native plugins for Editor in 0.00 ms.
Unloading 4099 Unused Serialized files (Serialized files now loaded: 0)
Unloading 29 unused Assets / (128.9 KB). Loaded Objects now: 4602.
Memory consumption went from 163.8 MB to 163.6 MB.
Total: 6.155641 ms (FindLiveObjects: 0.623654 ms CreateObjectMapping: 0.460468 ms MarkObjects: 4.879242 ms  DeleteObjects: 0.190615 ms)

AssetImportParameters requested are different than current active one (requested -> active):
  custom:video-decoder-ogg-theora: a1e56fd34408186e4bbccfd4996cb3dc -> 
  custom:container-muxer-webm: aa71ff27fc2769a1b78a27578f13a17b -> 
  custom:container-demuxer-webm: 4f35f7cbe854078d1ac9338744f61a02 -> 
  custom:video-encoder-webm-vp8: eb34c28f22e8b96e1ab97ce403110664 -> 
  custom:video-codec-MediaFoundation-h265: 55f8c8538cf0483ab7069ead6b737db2 -> 
  custom:audio-encoder-webm-vorbis: bf7c407c2cedff20999df2af8eb42d56 -> 
  custom:framework-win-MediaFoundation: 216162199b28c13a410421893ffa2e32 -> 
  custom:container-demuxer-ogg: 62fdf1f143b41e24485cea50d1cbac27 -> 
  custom:video-decoder-webm-vp8: 9c59270c3fd7afecdb556c50c9e8de78 -> 
  custom:audio-decoder-ogg-vorbis: bf7c407c2cedff20999df2af8eb42d56 -> 
========================================================================
Received Import Request.
  Time since last request: 62.837240 seconds.
  path: Assets/Prefabs/BrickBlock2.prefab
  artifactKey: Guid(97d1ebcfaae5fff4d919ecd3f10f5751) Importer(815301076,1909f56bfc062723c751e8b465ee728b)
Start importing Assets/Prefabs/BrickBlock2.prefab using Guid(97d1ebcfaae5fff4d919ecd3f10f5751) Importer(815301076,1909f56bfc062723c751e8b465ee728b) The Animator Controller (BrickBlock2) you have used is not valid. Animations will not play
UnityEngine.StackTraceUtility:ExtractStackTrace ()
UnityEditor.EditorUtility:Internal_InstantiateRemoveAllNonAnimationComponentsSingle (UnityEngine.Object,UnityEngine.Vector3,UnityEngine.Quaternion)
UnityEditor.EditorUtility:InstantiateRemoveAllNonAnimationComponents (UnityEngine.Object,UnityEngine.Vector3,UnityEngine.Quaternion)
UnityEditor.EditorUtility:InstantiateForAnimatorPreview (UnityEngine.Object)
UnityEditor.GameObjectInspector/PreviewData:UpdateGameObject (UnityEngine.Object)
UnityEditor.GameObjectInspector/PreviewData:.ctor (UnityEngine.Object)
UnityEditor.GameObjectInspector:GetPreviewData ()
UnityEditor.GameObjectInspector:RenderStaticPreview (string,UnityEngine.Object[],int,int)
UnityEditor.AssetPreviewUpdater:CreatePreview (UnityEngine.Object,UnityEngine.Object[],string,int,int)
UnityEditor.AssetPreviewUpdater:CreatePreviewForAsset (UnityEngine.Object,UnityEngine.Object[],string)

[C:\buildslave\unity\build\Modules\Animation\Director\AnimatorControllerPlayable.cpp line 333]

The Animator Controller (BrickBlock2) you have used is not valid. Animations will not play
UnityEngine.StackTraceUtility:ExtractStackTrace ()
UnityEditor.EditorUtility:InitInstantiatedPreviewRecursive (UnityEngine.GameObject)
UnityEditor.EditorUtility:InstantiateForAnimatorPreview (UnityEngine.Object)
UnityEditor.GameObjectInspector/PreviewData:UpdateGameObject (UnityEngine.Object)
UnityEditor.GameObjectInspector/PreviewData:.ctor (UnityEngine.Object)
UnityEditor.GameObjectInspector:GetPreviewData ()
UnityEditor.GameObjectInspector:RenderStaticPreview (string,UnityEngine.Object[],int,int)
UnityEditor.AssetPreviewUpdater:CreatePreview (UnityEngine.Object,UnityEngine.Object[],string,int,int)
UnityEditor.AssetPreviewUpdater:CreatePreviewForAsset (UnityEngine.Object,UnityEngine.Object[],string)

[C:\buildslave\unity\build\Modules\Animation\Director\AnimatorControllerPlayable.cpp line 333]

 -> (artifact id: '0d5687c540874ee1fddd00f2d1b2369c') in 0.111620 seconds 
========================================================================
Received Import Request.
  Time since last request: 4.566097 seconds.
  path: Assets/Prefabs/BrickBlock2.prefab
  artifactKey: Guid(97d1ebcfaae5fff4d919ecd3f10f5751) Importer(815301076,1909f56bfc062723c751e8b465ee728b)
Start importing Assets/Prefabs/BrickBlock2.prefab using Guid(97d1ebcfaae5fff4d919ecd3f10f5751) Importer(815301076,1909f56bfc062723c751e8b465ee728b) The Animator Controller (BrickBlock2) you have used is not valid. Animations will not play
UnityEngine.StackTraceUtility:ExtractStackTrace ()
UnityEditor.EditorUtility:Internal_InstantiateRemoveAllNonAnimationComponentsSingle (UnityEngine.Object,UnityEngine.Vector3,UnityEngine.Quaternion)
UnityEditor.EditorUtility:InstantiateRemoveAllNonAnimationComponents (UnityEngine.Object,UnityEngine.Vector3,UnityEngine.Quaternion)
UnityEditor.EditorUtility:InstantiateForAnimatorPreview (UnityEngine.Object)
UnityEditor.GameObjectInspector/PreviewData:UpdateGameObject (UnityEngine.Object)
UnityEditor.GameObjectInspector/PreviewData:.ctor (UnityEngine.Object)
UnityEditor.GameObjectInspector:GetPreviewData ()
UnityEditor.GameObjectInspector:RenderStaticPreview (string,UnityEngine.Object[],int,int)
UnityEditor.AssetPreviewUpdater:CreatePreview (UnityEngine.Object,UnityEngine.Object[],string,int,int)
UnityEditor.AssetPreviewUpdater:CreatePreviewForAsset (UnityEngine.Object,UnityEngine.Object[],string)

[C:\buildslave\unity\build\Modules\Animation\Director\AnimatorControllerPlayable.cpp line 333]

The Animator Controller (BrickBlock2) you have used is not valid. Animations will not play
UnityEngine.StackTraceUtility:ExtractStackTrace ()
UnityEditor.EditorUtility:InitInstantiatedPreviewRecursive (UnityEngine.GameObject)
UnityEditor.EditorUtility:InstantiateForAnimatorPreview (UnityEngine.Object)
UnityEditor.GameObjectInspector/PreviewData:UpdateGameObject (UnityEngine.Object)
UnityEditor.GameObjectInspector/PreviewData:.ctor (UnityEngine.Object)
UnityEditor.GameObjectInspector:GetPreviewData ()
UnityEditor.GameObjectInspector:RenderStaticPreview (string,UnityEngine.Object[],int,int)
UnityEditor.AssetPreviewUpdater:CreatePreview (UnityEngine.Object,UnityEngine.Object[],string,int,int)
UnityEditor.AssetPreviewUpdater:CreatePreviewForAsset (UnityEngine.Object,UnityEngine.Object[],string)

[C:\buildslave\unity\build\Modules\Animation\Director\AnimatorControllerPlayable.cpp line 333]

 -> (artifact id: '507f247d0bcf75dca44469d97f2876c2') in 0.043172 seconds 
========================================================================
Received Prepare
Registering precompiled user dll's ...
Registered in 0.005254 seconds.
Begin MonoManager ReloadAssembly
Symbol file LoadedFromMemory doesn't match image D:\DAIHOC\baocaogame\baocao\Library\PackageCache\com.unity.visualscripting@1.7.8\Editor\VisualScripting.Core\Dependencies\YamlDotNet\Unity.VisualScripting.YamlDotNet.dll
Symbol file LoadedFromMemory doesn't match image D:\DAIHOC\baocaogame\baocao\Library\PackageCache\com.unity.visualscripting@1.7.8\Editor\VisualScripting.Core\Dependencies\DotNetZip\Unity.VisualScripting.IonicZip.dll
Native extension for WindowsStandalone target not found
Refreshing native plugins compatible for Editor in 1.96 ms, found 4 plugins.
Preloading 0 native plugins for Editor in 0.00 ms.
Mono: successfully reloaded assembly
- Completed reload, in  1.716 seconds
Domain Reload Profiling:
	ReloadAssembly (1718ms)
		BeginReloadAssembly (231ms)
			ExecutionOrderSort (0ms)
			DisableScriptedObjects (9ms)
			BackupInstance (0ms)
			ReleaseScriptingObjects (0ms)
			CreateAndSetChildDomain (70ms)
		EndReloadAssembly (1318ms)
			LoadAssemblies (158ms)
			RebuildTransferFunctionScriptingTraits (0ms)
			SetupTypeCache (450ms)
			ReleaseScriptCaches (3ms)
			RebuildScriptCaches (88ms)
			SetupLoadedEditorAssemblies (550ms)
				LogAssemblyErrors (0ms)
				InitializePlatformSupportModulesInManaged (20ms)
				SetLoadedEditorAssemblies (1ms)
				RefreshPlugins (2ms)
				BeforeProcessingInitializeOnLoad (114ms)
				ProcessInitializeOnLoadAttributes (334ms)
				ProcessInitializeOnLoadMethodAttributes (70ms)
				AfterProcessingInitializeOnLoad (9ms)
				EditorAssembliesLoaded (0ms)
			ExecutionOrderSort2 (0ms)
			AwakeInstancesAfterBackupRestoration (17ms)
Platform modules already initialized, skipping
Refreshing native plugins compatible for Editor in 3.79 ms, found 4 plugins.
Preloading 0 native plugins for Editor in 0.00 ms.
Unloading 4099 Unused Serialized files (Serialized files now loaded: 0)
Unloading 29 unused Assets / (130.0 KB). Loaded Objects now: 4605.
Memory consumption went from 163.8 MB to 163.7 MB.
Total: 6.171711 ms (FindLiveObjects: 0.607862 ms CreateObjectMapping: 0.407273 ms MarkObjects: 4.883952 ms  DeleteObjects: 0.270407 ms)

AssetImportParameters requested are different than current active one (requested -> active):
  custom:video-decoder-ogg-theora: a1e56fd34408186e4bbccfd4996cb3dc -> 
  custom:container-muxer-webm: aa71ff27fc2769a1b78a27578f13a17b -> 
  custom:container-demuxer-webm: 4f35f7cbe854078d1ac9338744f61a02 -> 
  custom:video-encoder-webm-vp8: eb34c28f22e8b96e1ab97ce403110664 -> 
  custom:video-codec-MediaFoundation-h265: 55f8c8538cf0483ab7069ead6b737db2 -> 
  custom:audio-encoder-webm-vorbis: bf7c407c2cedff20999df2af8eb42d56 -> 
  custom:framework-win-MediaFoundation: 216162199b28c13a410421893ffa2e32 -> 
  custom:container-demuxer-ogg: 62fdf1f143b41e24485cea50d1cbac27 -> 
  custom:video-decoder-webm-vp8: 9c59270c3fd7afecdb556c50c9e8de78 -> 
  custom:audio-decoder-ogg-vorbis: bf7c407c2cedff20999df2af8eb42d56 -> 
========================================================================
Received Import Request.
  Time since last request: 68.192430 seconds.
  path: Assets/Prefabs/BrickBlock2.prefab
  artifactKey: Guid(97d1ebcfaae5fff4d919ecd3f10f5751) Importer(815301076,1909f56bfc062723c751e8b465ee728b)
Start importing Assets/Prefabs/BrickBlock2.prefab using Guid(97d1ebcfaae5fff4d919ecd3f10f5751) Importer(815301076,1909f56bfc062723c751e8b465ee728b)  -> (artifact id: '5b2d3803768916c4e29e6e3503a0bc06') in 0.191584 seconds 
========================================================================
Received Prepare
Registering precompiled user dll's ...
Registered in 0.005343 seconds.
Begin MonoManager ReloadAssembly
Symbol file LoadedFromMemory doesn't match image D:\DAIHOC\baocaogame\baocao\Library\PackageCache\com.unity.visualscripting@1.7.8\Editor\VisualScripting.Core\Dependencies\YamlDotNet\Unity.VisualScripting.YamlDotNet.dll
Symbol file LoadedFromMemory doesn't match image D:\DAIHOC\baocaogame\baocao\Library\PackageCache\com.unity.visualscripting@1.7.8\Editor\VisualScripting.Core\Dependencies\DotNetZip\Unity.VisualScripting.IonicZip.dll
Native extension for WindowsStandalone target not found
Refreshing native plugins compatible for Editor in 1.86 ms, found 4 plugins.
Preloading 0 native plugins for Editor in 0.00 ms.
Mono: successfully reloaded assembly
- Completed reload, in  1.447 seconds
Domain Reload Profiling:
	ReloadAssembly (1448ms)
		BeginReloadAssembly (212ms)
			ExecutionOrderSort (0ms)
			DisableScriptedObjects (9ms)
			BackupInstance (0ms)
			ReleaseScriptingObjects (0ms)
			CreateAndSetChildDomain (69ms)
		EndReloadAssembly (1093ms)
			LoadAssemblies (131ms)
			RebuildTransferFunctionScriptingTraits (0ms)
			SetupTypeCache (370ms)
			ReleaseScriptCaches (3ms)
			RebuildScriptCaches (72ms)
			SetupLoadedEditorAssemblies (479ms)
				LogAssemblyErrors (0ms)
				InitializePlatformSupportModulesInManaged (16ms)
				SetLoadedEditorAssemblies (1ms)
				RefreshPlugins (2ms)
				BeforeProcessingInitializeOnLoad (109ms)
				ProcessInitializeOnLoadAttributes (291ms)
				ProcessInitializeOnLoadMethodAttributes (54ms)
				AfterProcessingInitializeOnLoad (7ms)
				EditorAssembliesLoaded (0ms)
			ExecutionOrderSort2 (0ms)
			AwakeInstancesAfterBackupRestoration (10ms)
Platform modules already initialized, skipping
Refreshing native plugins compatible for Editor in 3.89 ms, found 4 plugins.
Preloading 0 native plugins for Editor in 0.00 ms.
Unloading 4099 Unused Serialized files (Serialized files now loaded: 0)
Unloading 29 unused Assets / (129.0 KB). Loaded Objects now: 4608.
Memory consumption went from 163.8 MB to 163.7 MB.
Total: 6.155364 ms (FindLiveObjects: 0.735862 ms CreateObjectMapping: 0.536936 ms MarkObjects: 4.663969 ms  DeleteObjects: 0.217212 ms)

AssetImportParameters requested are different than current active one (requested -> active):
  custom:video-decoder-ogg-theora: a1e56fd34408186e4bbccfd4996cb3dc -> 
  custom:container-muxer-webm: aa71ff27fc2769a1b78a27578f13a17b -> 
  custom:container-demuxer-webm: 4f35f7cbe854078d1ac9338744f61a02 -> 
  custom:video-encoder-webm-vp8: eb34c28f22e8b96e1ab97ce403110664 -> 
  custom:video-codec-MediaFoundation-h265: 55f8c8538cf0483ab7069ead6b737db2 -> 
  custom:audio-encoder-webm-vorbis: bf7c407c2cedff20999df2af8eb42d56 -> 
  custom:framework-win-MediaFoundation: 216162199b28c13a410421893ffa2e32 -> 
  custom:container-demuxer-ogg: 62fdf1f143b41e24485cea50d1cbac27 -> 
  custom:video-decoder-webm-vp8: 9c59270c3fd7afecdb556c50c9e8de78 -> 
  custom:audio-decoder-ogg-vorbis: bf7c407c2cedff20999df2af8eb42d56 -> 
========================================================================
Received Import Request.
  Time since last request: 6242.786317 seconds.
  path: Assets/Animations/Block2/Finished.anim
  artifactKey: Guid(97dbd4346f623624c9c3b40b7bec6109) Importer(815301076,1909f56bfc062723c751e8b465ee728b)
Start importing Assets/Animations/Block2/Finished.anim using Guid(97dbd4346f623624c9c3b40b7bec6109) Importer(815301076,1909f56bfc062723c751e8b465ee728b)  -> (artifact id: 'f308406af714e19006bdc6a1c3ecc32f') in 0.027154 seconds 
========================================================================
Received Import Request.
  Time since last request: 6.763874 seconds.
  path: Assets/Animations/Block2/Hit.anim
  artifactKey: Guid(6abd84179cfef6c48bcdfb01248ff013) Importer(815301076,1909f56bfc062723c751e8b465ee728b)
Start importing Assets/Animations/Block2/Hit.anim using Guid(6abd84179cfef6c48bcdfb01248ff013) Importer(815301076,1909f56bfc062723c751e8b465ee728b)  -> (artifact id: 'b3ece01e2d710e04b2d5b6333de703dd') in 0.005211 seconds 
========================================================================
Received Prepare
Registering precompiled user dll's ...
Registered in 0.003817 seconds.
Begin MonoManager ReloadAssembly
Symbol file LoadedFromMemory doesn't match image D:\DAIHOC\baocaogame\baocao\Library\PackageCache\com.unity.visualscripting@1.7.8\Editor\VisualScripting.Core\Dependencies\YamlDotNet\Unity.VisualScripting.YamlDotNet.dll
Symbol file LoadedFromMemory doesn't match image D:\DAIHOC\baocaogame\baocao\Library\PackageCache\com.unity.visualscripting@1.7.8\Editor\VisualScripting.Core\Dependencies\DotNetZip\Unity.VisualScripting.IonicZip.dll
Native extension for WindowsStandalone target not found
Refreshing native plugins compatible for Editor in 1.81 ms, found 4 plugins.
Preloading 0 native plugins for Editor in 0.00 ms.
Mono: successfully reloaded assembly
- Completed reload, in  1.526 seconds
Domain Reload Profiling:
	ReloadAssembly (1527ms)
		BeginReloadAssembly (198ms)
			ExecutionOrderSort (0ms)
			DisableScriptedObjects (8ms)
			BackupInstance (0ms)
			ReleaseScriptingObjects (0ms)
			CreateAndSetChildDomain (63ms)
		EndReloadAssembly (1198ms)
			LoadAssemblies (128ms)
			RebuildTransferFunctionScriptingTraits (0ms)
			SetupTypeCache (406ms)
			ReleaseScriptCaches (3ms)
			RebuildScriptCaches (86ms)
			SetupLoadedEditorAssemblies (514ms)
				LogAssemblyErrors (0ms)
				InitializePlatformSupportModulesInManaged (18ms)
				SetLoadedEditorAssemblies (1ms)
				RefreshPlugins (2ms)
				BeforeProcessingInitializeOnLoad (114ms)
				ProcessInitializeOnLoadAttributes (312ms)
				ProcessInitializeOnLoadMethodAttributes (60ms)
				AfterProcessingInitializeOnLoad (7ms)
				EditorAssembliesLoaded (0ms)
			ExecutionOrderSort2 (0ms)
			AwakeInstancesAfterBackupRestoration (13ms)
Platform modules already initialized, skipping
Refreshing native plugins compatible for Editor in 3.65 ms, found 4 plugins.
Preloading 0 native plugins for Editor in 0.00 ms.
Unloading 4099 Unused Serialized files (Serialized files now loaded: 0)
Unloading 29 unused Assets / (129.0 KB). Loaded Objects now: 4611.
Memory consumption went from 163.8 MB to 163.7 MB.
Total: 6.123780 ms (FindLiveObjects: 0.477368 ms CreateObjectMapping: 0.360728 ms MarkObjects: 5.044922 ms  DeleteObjects: 0.239654 ms)

AssetImportParameters requested are different than current active one (requested -> active):
  custom:video-decoder-ogg-theora: a1e56fd34408186e4bbccfd4996cb3dc -> 
  custom:container-muxer-webm: aa71ff27fc2769a1b78a27578f13a17b -> 
  custom:container-demuxer-webm: 4f35f7cbe854078d1ac9338744f61a02 -> 
  custom:video-encoder-webm-vp8: eb34c28f22e8b96e1ab97ce403110664 -> 
  custom:video-codec-MediaFoundation-h265: 55f8c8538cf0483ab7069ead6b737db2 -> 
  custom:audio-encoder-webm-vorbis: bf7c407c2cedff20999df2af8eb42d56 -> 
  custom:framework-win-MediaFoundation: 216162199b28c13a410421893ffa2e32 -> 
  custom:container-demuxer-ogg: 62fdf1f143b41e24485cea50d1cbac27 -> 
  custom:video-decoder-webm-vp8: 9c59270c3fd7afecdb556c50c9e8de78 -> 
  custom:audio-decoder-ogg-vorbis: bf7c407c2cedff20999df2af8eb42d56 -> 
========================================================================
Received Prepare
Registering precompiled user dll's ...
Registered in 0.004814 seconds.
Begin MonoManager ReloadAssembly
Symbol file LoadedFromMemory doesn't match image D:\DAIHOC\baocaogame\baocao\Library\PackageCache\com.unity.visualscripting@1.7.8\Editor\VisualScripting.Core\Dependencies\YamlDotNet\Unity.VisualScripting.YamlDotNet.dll
Symbol file LoadedFromMemory doesn't match image D:\DAIHOC\baocaogame\baocao\Library\PackageCache\com.unity.visualscripting@1.7.8\Editor\VisualScripting.Core\Dependencies\DotNetZip\Unity.VisualScripting.IonicZip.dll
Native extension for WindowsStandalone target not found
Refreshing native plugins compatible for Editor in 1.87 ms, found 4 plugins.
Preloading 0 native plugins for Editor in 0.00 ms.
Mono: successfully reloaded assembly
- Completed reload, in  1.460 seconds
Domain Reload Profiling:
	ReloadAssembly (1461ms)
		BeginReloadAssembly (206ms)
			ExecutionOrderSort (0ms)
			DisableScriptedObjects (10ms)
			BackupInstance (0ms)
			ReleaseScriptingObjects (0ms)
			CreateAndSetChildDomain (66ms)
		EndReloadAssembly (1119ms)
			LoadAssemblies (133ms)
			RebuildTransferFunctionScriptingTraits (0ms)
			SetupTypeCache (386ms)
			ReleaseScriptCaches (2ms)
			RebuildScriptCaches (78ms)
			SetupLoadedEditorAssemblies (482ms)
				LogAssemblyErrors (0ms)
				InitializePlatformSupportModulesInManaged (16ms)
				SetLoadedEditorAssemblies (1ms)
				RefreshPlugins (2ms)
				BeforeProcessingInitializeOnLoad (105ms)
				ProcessInitializeOnLoadAttributes (292ms)
				ProcessInitializeOnLoadMethodAttributes (59ms)
				AfterProcessingInitializeOnLoad (7ms)
				EditorAssembliesLoaded (0ms)
			ExecutionOrderSort2 (0ms)
			AwakeInstancesAfterBackupRestoration (12ms)
Platform modules already initialized, skipping
Refreshing native plugins compatible for Editor in 3.16 ms, found 4 plugins.
Preloading 0 native plugins for Editor in 0.00 ms.
Unloading 4099 Unused Serialized files (Serialized files now loaded: 0)
Unloading 29 unused Assets / (128.9 KB). Loaded Objects now: 4614.
Memory consumption went from 163.8 MB to 163.7 MB.
Total: 6.455694 ms (FindLiveObjects: 0.645819 ms CreateObjectMapping: 0.554944 ms MarkObjects: 5.093130 ms  DeleteObjects: 0.160416 ms)

AssetImportParameters requested are different than current active one (requested -> active):
  custom:video-decoder-ogg-theora: a1e56fd34408186e4bbccfd4996cb3dc -> 
  custom:container-muxer-webm: aa71ff27fc2769a1b78a27578f13a17b -> 
  custom:container-demuxer-webm: 4f35f7cbe854078d1ac9338744f61a02 -> 
  custom:video-encoder-webm-vp8: eb34c28f22e8b96e1ab97ce403110664 -> 
  custom:video-codec-MediaFoundation-h265: 55f8c8538cf0483ab7069ead6b737db2 -> 
  custom:audio-encoder-webm-vorbis: bf7c407c2cedff20999df2af8eb42d56 -> 
  custom:framework-win-MediaFoundation: 216162199b28c13a410421893ffa2e32 -> 
  custom:container-demuxer-ogg: 62fdf1f143b41e24485cea50d1cbac27 -> 
  custom:video-decoder-webm-vp8: 9c59270c3fd7afecdb556c50c9e8de78 -> 
  custom:audio-decoder-ogg-vorbis: bf7c407c2cedff20999df2af8eb42d56 -> 
========================================================================
Received Prepare
Registering precompiled user dll's ...
Registered in 0.004228 seconds.
Begin MonoManager ReloadAssembly
Symbol file LoadedFromMemory doesn't match image D:\DAIHOC\baocaogame\baocao\Library\PackageCache\com.unity.visualscripting@1.7.8\Editor\VisualScripting.Core\Dependencies\YamlDotNet\Unity.VisualScripting.YamlDotNet.dll
Symbol file LoadedFromMemory doesn't match image D:\DAIHOC\baocaogame\baocao\Library\PackageCache\com.unity.visualscripting@1.7.8\Editor\VisualScripting.Core\Dependencies\DotNetZip\Unity.VisualScripting.IonicZip.dll
Native extension for WindowsStandalone target not found
Refreshing native plugins compatible for Editor in 1.29 ms, found 4 plugins.
Preloading 0 native plugins for Editor in 0.00 ms.
Mono: successfully reloaded assembly
- Completed reload, in  1.417 seconds
Domain Reload Profiling:
	ReloadAssembly (1418ms)
		BeginReloadAssembly (204ms)
			ExecutionOrderSort (0ms)
			DisableScriptedObjects (10ms)
			BackupInstance (0ms)
			ReleaseScriptingObjects (0ms)
			CreateAndSetChildDomain (62ms)
		EndReloadAssembly (1095ms)
			LoadAssemblies (132ms)
			RebuildTransferFunctionScriptingTraits (0ms)
			SetupTypeCache (365ms)
			ReleaseScriptCaches (2ms)
			RebuildScriptCaches (77ms)
			SetupLoadedEditorAssemblies (475ms)
				LogAssemblyErrors (0ms)
				InitializePlatformSupportModulesInManaged (17ms)
				SetLoadedEditorAssemblies (1ms)
				RefreshPlugins (1ms)
				BeforeProcessingInitializeOnLoad (103ms)
				ProcessInitializeOnLoadAttributes (289ms)
				ProcessInitializeOnLoadMethodAttributes (57ms)
				AfterProcessingInitializeOnLoad (7ms)
				EditorAssembliesLoaded (0ms)
			ExecutionOrderSort2 (0ms)
			AwakeInstancesAfterBackupRestoration (13ms)
Platform modules already initialized, skipping
Refreshing native plugins compatible for Editor in 3.28 ms, found 4 plugins.
Preloading 0 native plugins for Editor in 0.00 ms.
Unloading 4099 Unused Serialized files (Serialized files now loaded: 0)
Unloading 29 unused Assets / (129.1 KB). Loaded Objects now: 4617.
Memory consumption went from 163.8 MB to 163.7 MB.
Total: 4.924402 ms (FindLiveObjects: 0.662165 ms CreateObjectMapping: 0.453542 ms MarkObjects: 3.651051 ms  DeleteObjects: 0.155706 ms)

AssetImportParameters requested are different than current active one (requested -> active):
  custom:video-decoder-ogg-theora: a1e56fd34408186e4bbccfd4996cb3dc -> 
  custom:container-muxer-webm: aa71ff27fc2769a1b78a27578f13a17b -> 
  custom:container-demuxer-webm: 4f35f7cbe854078d1ac9338744f61a02 -> 
  custom:video-encoder-webm-vp8: eb34c28f22e8b96e1ab97ce403110664 -> 
  custom:video-codec-MediaFoundation-h265: 55f8c8538cf0483ab7069ead6b737db2 -> 
  custom:audio-encoder-webm-vorbis: bf7c407c2cedff20999df2af8eb42d56 -> 
  custom:framework-win-MediaFoundation: 216162199b28c13a410421893ffa2e32 -> 
  custom:container-demuxer-ogg: 62fdf1f143b41e24485cea50d1cbac27 -> 
  custom:video-decoder-webm-vp8: 9c59270c3fd7afecdb556c50c9e8de78 -> 
  custom:audio-decoder-ogg-vorbis: bf7c407c2cedff20999df2af8eb42d56 -> 
========================================================================
Received Prepare
Registering precompiled user dll's ...
Registered in 0.005220 seconds.
Begin MonoManager ReloadAssembly
Symbol file LoadedFromMemory doesn't match image D:\DAIHOC\baocaogame\baocao\Library\PackageCache\com.unity.visualscripting@1.7.8\Editor\VisualScripting.Core\Dependencies\YamlDotNet\Unity.VisualScripting.YamlDotNet.dll
Symbol file LoadedFromMemory doesn't match image D:\DAIHOC\baocaogame\baocao\Library\PackageCache\com.unity.visualscripting@1.7.8\Editor\VisualScripting.Core\Dependencies\DotNetZip\Unity.VisualScripting.IonicZip.dll
Native extension for WindowsStandalone target not found
Refreshing native plugins compatible for Editor in 1.11 ms, found 4 plugins.
Preloading 0 native plugins for Editor in 0.00 ms.
Mono: successfully reloaded assembly
- Completed reload, in  1.431 seconds
Domain Reload Profiling:
	ReloadAssembly (1432ms)
		BeginReloadAssembly (208ms)
			ExecutionOrderSort (0ms)
			DisableScriptedObjects (10ms)
			BackupInstance (0ms)
			ReleaseScriptingObjects (0ms)
			CreateAndSetChildDomain (68ms)
		EndReloadAssembly (1120ms)
			LoadAssemblies (129ms)
			RebuildTransferFunctionScriptingTraits (0ms)
			SetupTypeCache (386ms)
			ReleaseScriptCaches (2ms)
			RebuildScriptCaches (77ms)
			SetupLoadedEditorAssemblies (482ms)
				LogAssemblyErrors (0ms)
				InitializePlatformSupportModulesInManaged (17ms)
				SetLoadedEditorAssemblies (1ms)
				RefreshPlugins (1ms)
				BeforeProcessingInitializeOnLoad (105ms)
				ProcessInitializeOnLoadAttributes (293ms)
				ProcessInitializeOnLoadMethodAttributes (59ms)
				AfterProcessingInitializeOnLoad (7ms)
				EditorAssembliesLoaded (0ms)
			ExecutionOrderSort2 (0ms)
			AwakeInstancesAfterBackupRestoration (13ms)
Platform modules already initialized, skipping
Refreshing native plugins compatible for Editor in 3.70 ms, found 4 plugins.
Preloading 0 native plugins for Editor in 0.00 ms.
Unloading 4099 Unused Serialized files (Serialized files now loaded: 0)
Unloading 29 unused Assets / (129.0 KB). Loaded Objects now: 4620.
Memory consumption went from 163.8 MB to 163.7 MB.
Total: 6.233217 ms (FindLiveObjects: 0.744728 ms CreateObjectMapping: 0.484295 ms MarkObjects: 4.847381 ms  DeleteObjects: 0.155152 ms)

AssetImportParameters requested are different than current active one (requested -> active):
  custom:video-decoder-ogg-theora: a1e56fd34408186e4bbccfd4996cb3dc -> 
  custom:container-muxer-webm: aa71ff27fc2769a1b78a27578f13a17b -> 
  custom:container-demuxer-webm: 4f35f7cbe854078d1ac9338744f61a02 -> 
  custom:video-encoder-webm-vp8: eb34c28f22e8b96e1ab97ce403110664 -> 
  custom:video-codec-MediaFoundation-h265: 55f8c8538cf0483ab7069ead6b737db2 -> 
  custom:audio-encoder-webm-vorbis: bf7c407c2cedff20999df2af8eb42d56 -> 
  custom:framework-win-MediaFoundation: 216162199b28c13a410421893ffa2e32 -> 
  custom:container-demuxer-ogg: 62fdf1f143b41e24485cea50d1cbac27 -> 
  custom:video-decoder-webm-vp8: 9c59270c3fd7afecdb556c50c9e8de78 -> 
  custom:audio-decoder-ogg-vorbis: bf7c407c2cedff20999df2af8eb42d56 -> 
========================================================================
Received Prepare
Registering precompiled user dll's ...
Registered in 0.004128 seconds.
Begin MonoManager ReloadAssembly
Symbol file LoadedFromMemory doesn't match image D:\DAIHOC\baocaogame\baocao\Library\PackageCache\com.unity.visualscripting@1.7.8\Editor\VisualScripting.Core\Dependencies\YamlDotNet\Unity.VisualScripting.YamlDotNet.dll
Symbol file LoadedFromMemory doesn't match image D:\DAIHOC\baocaogame\baocao\Library\PackageCache\com.unity.visualscripting@1.7.8\Editor\VisualScripting.Core\Dependencies\DotNetZip\Unity.VisualScripting.IonicZip.dll
Native extension for WindowsStandalone target not found
Refreshing native plugins compatible for Editor in 1.73 ms, found 4 plugins.
Preloading 0 native plugins for Editor in 0.00 ms.
Mono: successfully reloaded assembly
- Completed reload, in  1.449 seconds
Domain Reload Profiling:
	ReloadAssembly (1450ms)
		BeginReloadAssembly (204ms)
			ExecutionOrderSort (0ms)
			DisableScriptedObjects (10ms)
			BackupInstance (0ms)
			ReleaseScriptingObjects (0ms)
			CreateAndSetChildDomain (62ms)
		EndReloadAssembly (1104ms)
			LoadAssemblies (137ms)
			RebuildTransferFunctionScriptingTraits (0ms)
			SetupTypeCache (373ms)
			ReleaseScriptCaches (2ms)
			RebuildScriptCaches (72ms)
			SetupLoadedEditorAssemblies (476ms)
				LogAssemblyErrors (0ms)
				InitializePlatformSupportModulesInManaged (17ms)
				SetLoadedEditorAssemblies (1ms)
				RefreshPlugins (2ms)
				BeforeProcessingInitializeOnLoad (103ms)
				ProcessInitializeOnLoadAttributes (290ms)
				ProcessInitializeOnLoadMethodAttributes (56ms)
				AfterProcessingInitializeOnLoad (7ms)
				EditorAssembliesLoaded (0ms)
			ExecutionOrderSort2 (0ms)
			AwakeInstancesAfterBackupRestoration (13ms)
Platform modules already initialized, skipping
Refreshing native plugins compatible for Editor in 3.59 ms, found 4 plugins.
Preloading 0 native plugins for Editor in 0.00 ms.
Unloading 4099 Unused Serialized files (Serialized files now loaded: 0)
Unloading 29 unused Assets / (129.8 KB). Loaded Objects now: 4623.
Memory consumption went from 163.8 MB to 163.7 MB.
Total: 5.119173 ms (FindLiveObjects: 0.785455 ms CreateObjectMapping: 0.576832 ms MarkObjects: 3.606167 ms  DeleteObjects: 0.149056 ms)

AssetImportParameters requested are different than current active one (requested -> active):
  custom:video-decoder-ogg-theora: a1e56fd34408186e4bbccfd4996cb3dc -> 
  custom:container-muxer-webm: aa71ff27fc2769a1b78a27578f13a17b -> 
  custom:container-demuxer-webm: 4f35f7cbe854078d1ac9338744f61a02 -> 
  custom:video-encoder-webm-vp8: eb34c28f22e8b96e1ab97ce403110664 -> 
  custom:video-codec-MediaFoundation-h265: 55f8c8538cf0483ab7069ead6b737db2 -> 
  custom:audio-encoder-webm-vorbis: bf7c407c2cedff20999df2af8eb42d56 -> 
  custom:framework-win-MediaFoundation: 216162199b28c13a410421893ffa2e32 -> 
  custom:container-demuxer-ogg: 62fdf1f143b41e24485cea50d1cbac27 -> 
  custom:video-decoder-webm-vp8: 9c59270c3fd7afecdb556c50c9e8de78 -> 
  custom:audio-decoder-ogg-vorbis: bf7c407c2cedff20999df2af8eb42d56 -> 
========================================================================
Received Prepare
Registering precompiled user dll's ...
Registered in 0.003858 seconds.
Begin MonoManager ReloadAssembly
Symbol file LoadedFromMemory doesn't match image D:\DAIHOC\baocaogame\baocao\Library\PackageCache\com.unity.visualscripting@1.7.8\Editor\VisualScripting.Core\Dependencies\YamlDotNet\Unity.VisualScripting.YamlDotNet.dll
Symbol file LoadedFromMemory doesn't match image D:\DAIHOC\baocaogame\baocao\Library\PackageCache\com.unity.visualscripting@1.7.8\Editor\VisualScripting.Core\Dependencies\DotNetZip\Unity.VisualScripting.IonicZip.dll
Native extension for WindowsStandalone target not found
Refreshing native plugins compatible for Editor in 1.79 ms, found 4 plugins.
Preloading 0 native plugins for Editor in 0.00 ms.
Mono: successfully reloaded assembly
- Completed reload, in  1.399 seconds
Domain Reload Profiling:
	ReloadAssembly (1400ms)
		BeginReloadAssembly (187ms)
			ExecutionOrderSort (0ms)
			DisableScriptedObjects (10ms)
			BackupInstance (0ms)
			ReleaseScriptingObjects (0ms)
			CreateAndSetChildDomain (52ms)
		EndReloadAssembly (1086ms)
			LoadAssemblies (127ms)
			RebuildTransferFunctionScriptingTraits (0ms)
			SetupTypeCache (377ms)
			ReleaseScriptCaches (2ms)
			RebuildScriptCaches (65ms)
			SetupLoadedEditorAssemblies (475ms)
				LogAssemblyErrors (0ms)
				InitializePlatformSupportModulesInManaged (17ms)
				SetLoadedEditorAssemblies (1ms)
				RefreshPlugins (2ms)
				BeforeProcessingInitializeOnLoad (102ms)
				ProcessInitializeOnLoadAttributes (288ms)
				ProcessInitializeOnLoadMethodAttributes (58ms)
				AfterProcessingInitializeOnLoad (7ms)
				EditorAssembliesLoaded (0ms)
			ExecutionOrderSort2 (0ms)
			AwakeInstancesAfterBackupRestoration (13ms)
Platform modules already initialized, skipping
Refreshing native plugins compatible for Editor in 3.55 ms, found 4 plugins.
Preloading 0 native plugins for Editor in 0.00 ms.
Unloading 4099 Unused Serialized files (Serialized files now loaded: 0)
Unloading 29 unused Assets / (128.8 KB). Loaded Objects now: 4626.
Memory consumption went from 163.8 MB to 163.7 MB.
Total: 6.287520 ms (FindLiveObjects: 0.540260 ms CreateObjectMapping: 0.310857 ms MarkObjects: 5.229165 ms  DeleteObjects: 0.205853 ms)

AssetImportParameters requested are different than current active one (requested -> active):
  custom:video-decoder-ogg-theora: a1e56fd34408186e4bbccfd4996cb3dc -> 
  custom:container-muxer-webm: aa71ff27fc2769a1b78a27578f13a17b -> 
  custom:container-demuxer-webm: 4f35f7cbe854078d1ac9338744f61a02 -> 
  custom:video-encoder-webm-vp8: eb34c28f22e8b96e1ab97ce403110664 -> 
  custom:video-codec-MediaFoundation-h265: 55f8c8538cf0483ab7069ead6b737db2 -> 
  custom:audio-encoder-webm-vorbis: bf7c407c2cedff20999df2af8eb42d56 -> 
  custom:framework-win-MediaFoundation: 216162199b28c13a410421893ffa2e32 -> 
  custom:container-demuxer-ogg: 62fdf1f143b41e24485cea50d1cbac27 -> 
  custom:video-decoder-webm-vp8: 9c59270c3fd7afecdb556c50c9e8de78 -> 
  custom:audio-decoder-ogg-vorbis: bf7c407c2cedff20999df2af8eb42d56 -> 
========================================================================
Received Prepare
Registering precompiled user dll's ...
Registered in 0.003950 seconds.
Begin MonoManager ReloadAssembly
Symbol file LoadedFromMemory doesn't match image D:\DAIHOC\baocaogame\baocao\Library\PackageCache\com.unity.visualscripting@1.7.8\Editor\VisualScripting.Core\Dependencies\YamlDotNet\Unity.VisualScripting.YamlDotNet.dll
Symbol file LoadedFromMemory doesn't match image D:\DAIHOC\baocaogame\baocao\Library\PackageCache\com.unity.visualscripting@1.7.8\Editor\VisualScripting.Core\Dependencies\DotNetZip\Unity.VisualScripting.IonicZip.dll
Native extension for WindowsStandalone target not found
Refreshing native plugins compatible for Editor in 1.21 ms, found 4 plugins.
Preloading 0 native plugins for Editor in 0.00 ms.
Mono: successfully reloaded assembly
- Completed reload, in  1.423 seconds
Domain Reload Profiling:
	ReloadAssembly (1424ms)
		BeginReloadAssembly (187ms)
			ExecutionOrderSort (0ms)
			DisableScriptedObjects (10ms)
			BackupInstance (0ms)
			ReleaseScriptingObjects (0ms)
			CreateAndSetChildDomain (61ms)
		EndReloadAssembly (1098ms)
			LoadAssemblies (118ms)
			RebuildTransferFunctionScriptingTraits (0ms)
			SetupTypeCache (358ms)
			ReleaseScriptCaches (2ms)
			RebuildScriptCaches (74ms)
			SetupLoadedEditorAssemblies (487ms)
				LogAssemblyErrors (0ms)
				InitializePlatformSupportModulesInManaged (17ms)
				SetLoadedEditorAssemblies (1ms)
				RefreshPlugins (1ms)
				BeforeProcessingInitializeOnLoad (105ms)
				ProcessInitializeOnLoadAttributes (303ms)
				ProcessInitializeOnLoadMethodAttributes (52ms)
				AfterProcessingInitializeOnLoad (7ms)
				EditorAssembliesLoaded (0ms)
			ExecutionOrderSort2 (0ms)
			AwakeInstancesAfterBackupRestoration (13ms)
Platform modules already initialized, skipping
Refreshing native plugins compatible for Editor in 3.90 ms, found 4 plugins.
Preloading 0 native plugins for Editor in 0.00 ms.
Unloading 4099 Unused Serialized files (Serialized files now loaded: 0)
Unloading 29 unused Assets / (128.8 KB). Loaded Objects now: 4629.
Memory consumption went from 163.8 MB to 163.7 MB.
Total: 6.488386 ms (FindLiveObjects: 0.695966 ms CreateObjectMapping: 0.483187 ms MarkObjects: 5.121390 ms  DeleteObjects: 0.186459 ms)

AssetImportParameters requested are different than current active one (requested -> active):
  custom:video-decoder-ogg-theora: a1e56fd34408186e4bbccfd4996cb3dc -> 
  custom:container-muxer-webm: aa71ff27fc2769a1b78a27578f13a17b -> 
  custom:container-demuxer-webm: 4f35f7cbe854078d1ac9338744f61a02 -> 
  custom:video-encoder-webm-vp8: eb34c28f22e8b96e1ab97ce403110664 -> 
  custom:video-codec-MediaFoundation-h265: 55f8c8538cf0483ab7069ead6b737db2 -> 
  custom:audio-encoder-webm-vorbis: bf7c407c2cedff20999df2af8eb42d56 -> 
  custom:framework-win-MediaFoundation: 216162199b28c13a410421893ffa2e32 -> 
  custom:container-demuxer-ogg: 62fdf1f143b41e24485cea50d1cbac27 -> 
  custom:video-decoder-webm-vp8: 9c59270c3fd7afecdb556c50c9e8de78 -> 
  custom:audio-decoder-ogg-vorbis: bf7c407c2cedff20999df2af8eb42d56 -> 
